#
# There is insufficient memory for the Java Runtime Environment to continue.
# Cannot create worker GC thread. Out of system resources.
# Possible reasons:
#   The system is out of physical RAM or swap space
#   The process is running with CompressedOops enabled, and the Java Heap may be blocking the growth of the native heap
# Possible solutions:
#   Reduce memory load on the system
#   Increase physical memory or swap space
#   Check if swap backing store is full
#   Decrease Java heap size (-Xmx/-Xms)
#   Decrease number of Java threads
#   Decrease Java thread stack sizes (-Xss)
#   Set larger code cache with -XX:ReservedCodeCacheSize=
#   JVM is running with Zero Based Compressed Oops mode in which the Java heap is
#     placed in the first 32GB address space. The Java Heap base address is the
#     maximum limit for the native heap growth. Please use -XX:HeapBaseMinAddress
#     to set the Java Heap base and to place the Java Heap above 32GB virtual address.
# This output file may be truncated or incomplete.
#
#  Out of Memory Error (workerManager.hpp:87), pid=1430679, tid=1430680
#
# JRE version:  (17.0.5+8) (build )
# Java VM: OpenJDK 64-Bit Server VM (17.0.5+8-Ubuntu-2ubuntu120.04, mixed mode, sharing, tiered, compressed oops, compressed class ptrs, g1 gc, linux-amd64)
# Core dump will be written. Default location: Core dumps may be processed with "/usr/share/apport/apport -p%p -s%s -c%c -d%d -P%P -u%u -g%g -- %E" (or dumping to /home/cim/ug/zkac355/Documents/Year2/2810/gitrepros/PROJECT/core.1430679)
#

---------------  S U M M A R Y ------------

Command Line: --module-path=/home/cim/ug/zkac355/.m2/repository/org/openjfx/javafx-base/13/javafx-base-13-linux.jar:/home/cim/ug/zkac355/.m2/repository/org/openjfx/javafx-base/13/javafx-base-13.jar:/home/cim/ug/zkac355/.m2/repository/org/openjfx/javafx-controls/13/javafx-controls-13-linux.jar:/home/cim/ug/zkac355/.m2/repository/org/openjfx/javafx-controls/13/javafx-controls-13.jar:/home/cim/ug/zkac355/.m2/repository/org/openjfx/javafx-fxml/13/javafx-fxml-13-linux.jar:/home/cim/ug/zkac355/.m2/repository/org/openjfx/javafx-fxml/13/javafx-fxml-13.jar:/home/cim/ug/zkac355/.m2/repository/org/openjfx/javafx-graphics/13/javafx-graphics-13-linux.jar:/home/cim/ug/zkac355/.m2/repository/org/openjfx/javafx-graphics/13/javafx-graphics-13.jar --add-modules=javafx.base,javafx.controls,javafx.fxml,javafx.graphics restaurant.Driver

Host: Intel(R) Xeon(R) CPU E5-2683 v4 @ 2.10GHz, 24 cores, 188G, Ubuntu 20.04.5 LTS
Time: Thu Feb  9 19:02:53 2023 GMT elapsed time: 0.011211 seconds (0d 0h 0m 0s)

---------------  T H R E A D  ---------------

Current thread (0x00007faadc015ca0):  JavaThread "Unknown thread" [_thread_in_vm, id=1430680, stack(0x00007faae25e8000,0x00007faae26e9000)]

Stack: [0x00007faae25e8000,0x00007faae26e9000],  sp=0x00007faae26e76e0,  free space=1021k
Native frames: (J=compiled Java code, j=interpreted, Vv=VM code, C=native code)
V  [libjvm.so+0xf5b095]
V  [libjvm.so+0xf5bd41]
V  [libjvm.so+0x618e17]
V  [libjvm.so+0xf8f0f1]
V  [libjvm.so+0xf8f2cd]
V  [libjvm.so+0x702719]
V  [libjvm.so+0xf083f6]
V  [libjvm.so+0x81173b]
V  [libjvm.so+0xede5c6]
V  [libjvm.so+0x8db3d5]  JNI_CreateJavaVM+0x55
C  [libjli.so+0x3de1]
C  [libjli.so+0x82fd]


---------------  P R O C E S S  ---------------

Threads class SMR info:
_java_thread_list=0x00007faae3dd44a0, length=0, elements={
}

Java Threads: ( => current thread )

Other Threads:

[error occurred during error reporting (printing all threads), id 0xb, SIGSEGV (0xb) at pc=0x00007faae3143494]

VM state: not at safepoint (not fully initialized)

VM Mutex/Monitor currently owned by a thread:  ([mutex/lock_event])
[0x00007faadc011ff0] Heap_lock - owner thread: 0x00007faadc015ca0

Heap address: 0x0000000082000000, size: 30688 MB, Compressed Oops mode: Zero based, Oop shift amount: 3

CDS archive(s) mapped at: [0x0000000000000000-0x0000000000000000-0x0000000000000000), size 0, SharedBaseAddress: 0x0000000800000000, ArchiveRelocationMode: 0.
Narrow klass base: 0x0000000000000000, Narrow klass shift: 0, Narrow klass range: 0x0

GC Precious Log:
<Empty>

Heap:
 garbage-first heap   total 0K, used 0K [0x0000000082000000, 0x0000000800000000)
  region size 16384K, 0 young (0K), 0 survivors (0K)

[error occurred during error reporting (printing heap information), id 0xb, SIGSEGV (0xb) at pc=0x00007faae370b08e]

GC Heap History (0 events):
No events

Dll operation events (2 events):
Event: 0.005 Loaded shared library /usr/lib/jvm/java-17-openjdk-amd64/lib/libjava.so
Event: 0.006 Loaded shared library /usr/lib/jvm/java-17-openjdk-amd64/lib/libzip.so

Deoptimization events (0 events):
No events

Classes unloaded (0 events):
No events

Classes redefined (0 events):
No events

Internal exceptions (0 events):
No events

VM Operations (0 events):
No events

Events (1 events):
Event: 0.005 Protecting memory [0x00007faae25e8000,0x00007faae25ec000] with protection modes 0


Dynamic libraries:
82000000-800000000 ---p 00000000 00:00 0 
559b6aac0000-559b6aac1000 r--p 00000000 08:02 3149233                    /usr/lib/jvm/java-17-openjdk-amd64/bin/java
559b6aac1000-559b6aac2000 r-xp 00001000 08:02 3149233                    /usr/lib/jvm/java-17-openjdk-amd64/bin/java
559b6aac2000-559b6aac3000 r--p 00002000 08:02 3149233                    /usr/lib/jvm/java-17-openjdk-amd64/bin/java
559b6aac3000-559b6aac4000 r--p 00002000 08:02 3149233                    /usr/lib/jvm/java-17-openjdk-amd64/bin/java
559b6aac4000-559b6aac5000 rw-p 00003000 08:02 3149233                    /usr/lib/jvm/java-17-openjdk-amd64/bin/java
559b6b10b000-559b6b151000 rw-p 00000000 00:00 0                          [heap]
7faa7de75000-7faac5145000 ---p 00000000 00:00 0 
7faac5145000-7faac53b5000 rwxp 00000000 00:00 0 
7faac53b5000-7faac5886000 ---p 00000000 00:00 0 
7faac5886000-7faac5af6000 rwxp 00000000 00:00 0 
7faac5af6000-7faaccce5000 ---p 00000000 00:00 0 
7faaccce5000-7faaccf55000 rwxp 00000000 00:00 0 
7faaccf55000-7faad4145000 ---p 00000000 00:00 0 
7faad4145000-7faadc000000 r--s 00000000 08:02 3149622                    /usr/lib/jvm/java-17-openjdk-amd64/lib/modules
7faadc000000-7faadc056000 rw-p 00000000 00:00 0 
7faadc056000-7faae0000000 ---p 00000000 00:00 0 
7faae0653000-7faae0654000 ---p 00000000 00:00 0 
7faae0654000-7faae1bc8000 rw-p 00000000 00:00 0 
7faae1bc8000-7faae1cac000 ---p 00000000 00:00 0 
7faae1cac000-7faae1cb1000 rw-p 00000000 00:00 0 
7faae1cb1000-7faae1d95000 ---p 00000000 00:00 0 
7faae1d95000-7faae1d9a000 rw-p 00000000 00:00 0 
7faae1d9a000-7faae1da4000 ---p 00000000 00:00 0 
7faae1da4000-7faae1da6000 r--s 0000c000 08:02 3277179                    /usr/share/java/java-atk-wrapper.jar
7faae1da6000-7faae1da8000 r--p 00000000 08:02 3149620                    /usr/lib/jvm/java-17-openjdk-amd64/lib/libzip.so
7faae1da8000-7faae1dad000 r-xp 00002000 08:02 3149620                    /usr/lib/jvm/java-17-openjdk-amd64/lib/libzip.so
7faae1dad000-7faae1daf000 r--p 00007000 08:02 3149620                    /usr/lib/jvm/java-17-openjdk-amd64/lib/libzip.so
7faae1daf000-7faae1db0000 r--p 00008000 08:02 3149620                    /usr/lib/jvm/java-17-openjdk-amd64/lib/libzip.so
7faae1db0000-7faae1db1000 rw-p 00009000 08:02 3149620                    /usr/lib/jvm/java-17-openjdk-amd64/lib/libzip.so
7faae1db1000-7faae1dbd000 r--p 00000000 08:02 3149479                    /usr/lib/jvm/java-17-openjdk-amd64/lib/libjava.so
7faae1dbd000-7faae1dd0000 r-xp 0000c000 08:02 3149479                    /usr/lib/jvm/java-17-openjdk-amd64/lib/libjava.so
7faae1dd0000-7faae1dd6000 r--p 0001f000 08:02 3149479                    /usr/lib/jvm/java-17-openjdk-amd64/lib/libjava.so
7faae1dd6000-7faae1dd7000 ---p 00025000 08:02 3149479                    /usr/lib/jvm/java-17-openjdk-amd64/lib/libjava.so
7faae1dd7000-7faae1dd8000 r--p 00025000 08:02 3149479                    /usr/lib/jvm/java-17-openjdk-amd64/lib/libjava.so
7faae1dd8000-7faae1dd9000 rw-p 00026000 08:02 3149479                    /usr/lib/jvm/java-17-openjdk-amd64/lib/libjava.so
7faae1dd9000-7faae1dda000 rw-p 00000000 00:00 0 
7faae1dda000-7faae1de2000 rw-s 00000000 00:32 842                        /tmp/hsperfdata_zkac355/1430679
7faae1de2000-7faae25e7000 r--s 00000000 08:02 1441853                    /var/lib/sss/mc/passwd
7faae25e8000-7faae25ec000 ---p 00000000 00:00 0 
7faae25ec000-7faae26e9000 rw-p 00000000 00:00 0 
7faae26e9000-7faae26ec000 r--p 00000000 08:02 1179683                    /lib/x86_64-linux-gnu/libgcc_s.so.1
7faae26ec000-7faae26fe000 r-xp 00003000 08:02 1179683                    /lib/x86_64-linux-gnu/libgcc_s.so.1
7faae26fe000-7faae2702000 r--p 00015000 08:02 1179683                    /lib/x86_64-linux-gnu/libgcc_s.so.1
7faae2702000-7faae2703000 r--p 00018000 08:02 1179683                    /lib/x86_64-linux-gnu/libgcc_s.so.1
7faae2703000-7faae2704000 rw-p 00019000 08:02 1179683                    /lib/x86_64-linux-gnu/libgcc_s.so.1
7faae2704000-7faae2711000 r--p 00000000 08:02 1179776                    /lib/x86_64-linux-gnu/libm-2.31.so
7faae2711000-7faae27b8000 r-xp 0000d000 08:02 1179776                    /lib/x86_64-linux-gnu/libm-2.31.so
7faae27b8000-7faae2851000 r--p 000b4000 08:02 1179776                    /lib/x86_64-linux-gnu/libm-2.31.so
7faae2851000-7faae2852000 r--p 0014c000 08:02 1179776                    /lib/x86_64-linux-gnu/libm-2.31.so
7faae2852000-7faae2853000 rw-p 0014d000 08:02 1179776                    /lib/x86_64-linux-gnu/libm-2.31.so
7faae2853000-7faae28e9000 r--p 00000000 08:02 1966267                    /usr/lib/x86_64-linux-gnu/libstdc++.so.6.0.28
7faae28e9000-7faae29da000 r-xp 00096000 08:02 1966267                    /usr/lib/x86_64-linux-gnu/libstdc++.so.6.0.28
7faae29da000-7faae2a23000 r--p 00187000 08:02 1966267                    /usr/lib/x86_64-linux-gnu/libstdc++.so.6.0.28
7faae2a23000-7faae2a24000 ---p 001d0000 08:02 1966267                    /usr/lib/x86_64-linux-gnu/libstdc++.so.6.0.28
7faae2a24000-7faae2a2f000 r--p 001d0000 08:02 1966267                    /usr/lib/x86_64-linux-gnu/libstdc++.so.6.0.28
7faae2a2f000-7faae2a32000 rw-p 001db000 08:02 1966267                    /usr/lib/x86_64-linux-gnu/libstdc++.so.6.0.28
7faae2a32000-7faae2a35000 rw-p 00000000 00:00 0 
7faae2a35000-7faae2c85000 r--p 00000000 08:02 3149631                    /usr/lib/jvm/java-17-openjdk-amd64/lib/server/libjvm.so
7faae2c85000-7faae3a12000 r-xp 00250000 08:02 3149631                    /usr/lib/jvm/java-17-openjdk-amd64/lib/server/libjvm.so
7faae3a12000-7faae3c98000 r--p 00fdd000 08:02 3149631                    /usr/lib/jvm/java-17-openjdk-amd64/lib/server/libjvm.so
7faae3c98000-7faae3d50000 r--p 01262000 08:02 3149631                    /usr/lib/jvm/java-17-openjdk-amd64/lib/server/libjvm.so
7faae3d50000-7faae3d85000 rw-p 0131a000 08:02 3149631                    /usr/lib/jvm/java-17-openjdk-amd64/lib/server/libjvm.so
7faae3d85000-7faae3de0000 rw-p 00000000 00:00 0 
7faae3de0000-7faae3de6000 r--p 00000000 08:02 1181005                    /lib/x86_64-linux-gnu/libpthread-2.31.so
7faae3de6000-7faae3df7000 r-xp 00006000 08:02 1181005                    /lib/x86_64-linux-gnu/libpthread-2.31.so
7faae3df7000-7faae3dfd000 r--p 00017000 08:02 1181005                    /lib/x86_64-linux-gnu/libpthread-2.31.so
7faae3dfd000-7faae3dfe000 r--p 0001c000 08:02 1181005                    /lib/x86_64-linux-gnu/libpthread-2.31.so
7faae3dfe000-7faae3dff000 rw-p 0001d000 08:02 1181005                    /lib/x86_64-linux-gnu/libpthread-2.31.so
7faae3dff000-7faae3e03000 rw-p 00000000 00:00 0 
7faae3e03000-7faae3e04000 r--p 00000000 08:02 1179773                    /lib/x86_64-linux-gnu/libdl-2.31.so
7faae3e04000-7faae3e06000 r-xp 00001000 08:02 1179773                    /lib/x86_64-linux-gnu/libdl-2.31.so
7faae3e06000-7faae3e07000 r--p 00003000 08:02 1179773                    /lib/x86_64-linux-gnu/libdl-2.31.so
7faae3e07000-7faae3e08000 r--p 00003000 08:02 1179773                    /lib/x86_64-linux-gnu/libdl-2.31.so
7faae3e08000-7faae3e09000 rw-p 00004000 08:02 1179773                    /lib/x86_64-linux-gnu/libdl-2.31.so
7faae3e09000-7faae3e0b000 r--p 00000000 08:02 1180009                    /lib/x86_64-linux-gnu/libz.so.1.2.11
7faae3e0b000-7faae3e1c000 r-xp 00002000 08:02 1180009                    /lib/x86_64-linux-gnu/libz.so.1.2.11
7faae3e1c000-7faae3e22000 r--p 00013000 08:02 1180009                    /lib/x86_64-linux-gnu/libz.so.1.2.11
7faae3e22000-7faae3e23000 ---p 00019000 08:02 1180009                    /lib/x86_64-linux-gnu/libz.so.1.2.11
7faae3e23000-7faae3e24000 r--p 00019000 08:02 1180009                    /lib/x86_64-linux-gnu/libz.so.1.2.11
7faae3e24000-7faae3e25000 rw-p 0001a000 08:02 1180009                    /lib/x86_64-linux-gnu/libz.so.1.2.11
7faae3e25000-7faae3e47000 r--p 00000000 08:02 1179772                    /lib/x86_64-linux-gnu/libc-2.31.so
7faae3e47000-7faae3fbf000 r-xp 00022000 08:02 1179772                    /lib/x86_64-linux-gnu/libc-2.31.so
7faae3fbf000-7faae400d000 r--p 0019a000 08:02 1179772                    /lib/x86_64-linux-gnu/libc-2.31.so
7faae400d000-7faae4011000 r--p 001e7000 08:02 1179772                    /lib/x86_64-linux-gnu/libc-2.31.so
7faae4011000-7faae4013000 rw-p 001eb000 08:02 1179772                    /lib/x86_64-linux-gnu/libc-2.31.so
7faae4013000-7faae4017000 rw-p 00000000 00:00 0 
7faae4017000-7faae4019000 r--p 00000000 08:02 1179935                    /lib/x86_64-linux-gnu/libnss_sss.so.2
7faae4019000-7faae401f000 r-xp 00002000 08:02 1179935                    /lib/x86_64-linux-gnu/libnss_sss.so.2
7faae401f000-7faae4021000 r--p 00008000 08:02 1179935                    /lib/x86_64-linux-gnu/libnss_sss.so.2
7faae4021000-7faae4022000 r--p 00009000 08:02 1179935                    /lib/x86_64-linux-gnu/libnss_sss.so.2
7faae4022000-7faae4023000 rw-p 0000a000 08:02 1179935                    /lib/x86_64-linux-gnu/libnss_sss.so.2
7faae4023000-7faae4025000 r--p 00000000 08:02 1180209                    /lib/x86_64-linux-gnu/libnss_compat-2.31.so
7faae4025000-7faae402c000 r-xp 00002000 08:02 1180209                    /lib/x86_64-linux-gnu/libnss_compat-2.31.so
7faae402c000-7faae402d000 r--p 00009000 08:02 1180209                    /lib/x86_64-linux-gnu/libnss_compat-2.31.so
7faae402d000-7faae402e000 r--p 00009000 08:02 1180209                    /lib/x86_64-linux-gnu/libnss_compat-2.31.so
7faae402e000-7faae402f000 rw-p 0000a000 08:02 1180209                    /lib/x86_64-linux-gnu/libnss_compat-2.31.so
7faae402f000-7faae4030000 ---p 00000000 00:00 0 
7faae4030000-7faae4031000 r--p 00000000 00:00 0 
7faae4031000-7faae4033000 r--p 00000000 08:02 3149486                    /usr/lib/jvm/java-17-openjdk-amd64/lib/libjimage.so
7faae4033000-7faae4036000 r-xp 00002000 08:02 3149486                    /usr/lib/jvm/java-17-openjdk-amd64/lib/libjimage.so
7faae4036000-7faae4037000 r--p 00005000 08:02 3149486                    /usr/lib/jvm/java-17-openjdk-amd64/lib/libjimage.so
7faae4037000-7faae4038000 ---p 00006000 08:02 3149486                    /usr/lib/jvm/java-17-openjdk-amd64/lib/libjimage.so
7faae4038000-7faae4039000 r--p 00006000 08:02 3149486                    /usr/lib/jvm/java-17-openjdk-amd64/lib/libjimage.so
7faae4039000-7faae403a000 rw-p 00007000 08:02 3149486                    /usr/lib/jvm/java-17-openjdk-amd64/lib/libjimage.so
7faae403a000-7faae403c000 r--p 00000000 08:02 3149487                    /usr/lib/jvm/java-17-openjdk-amd64/lib/libjli.so
7faae403c000-7faae4046000 r-xp 00002000 08:02 3149487                    /usr/lib/jvm/java-17-openjdk-amd64/lib/libjli.so
7faae4046000-7faae4049000 r--p 0000c000 08:02 3149487                    /usr/lib/jvm/java-17-openjdk-amd64/lib/libjli.so
7faae4049000-7faae404a000 ---p 0000f000 08:02 3149487                    /usr/lib/jvm/java-17-openjdk-amd64/lib/libjli.so
7faae404a000-7faae404b000 r--p 0000f000 08:02 3149487                    /usr/lib/jvm/java-17-openjdk-amd64/lib/libjli.so
7faae404b000-7faae404c000 rw-p 00010000 08:02 3149487                    /usr/lib/jvm/java-17-openjdk-amd64/lib/libjli.so
7faae404c000-7faae404e000 rw-p 00000000 00:00 0 
7faae404e000-7faae404f000 r--p 00000000 08:02 1179753                    /lib/x86_64-linux-gnu/ld-2.31.so
7faae404f000-7faae4072000 r-xp 00001000 08:02 1179753                    /lib/x86_64-linux-gnu/ld-2.31.so
7faae4072000-7faae407a000 r--p 00024000 08:02 1179753                    /lib/x86_64-linux-gnu/ld-2.31.so
7faae407a000-7faae407b000 ---p 00000000 00:00 0 
7faae407b000-7faae407c000 r--p 0002c000 08:02 1179753                    /lib/x86_64-linux-gnu/ld-2.31.so
7faae407c000-7faae407d000 rw-p 0002d000 08:02 1179753                    /lib/x86_64-linux-gnu/ld-2.31.so
7faae407d000-7faae407e000 rw-p 00000000 00:00 0 
7ffc15545000-7ffc15566000 rw-p 00000000 00:00 0                          [stack]
7ffc15592000-7ffc15595000 r--p 00000000 00:00 0                          [vvar]
7ffc15595000-7ffc15596000 r-xp 00000000 00:00 0                          [vdso]
ffffffffff600000-ffffffffff601000 --xp 00000000 00:00 0                  [vsyscall]


VM Arguments:
jvm_args: --module-path=/home/cim/ug/zkac355/.m2/repository/org/openjfx/javafx-base/13/javafx-base-13-linux.jar:/home/cim/ug/zkac355/.m2/repository/org/openjfx/javafx-base/13/javafx-base-13.jar:/home/cim/ug/zkac355/.m2/repository/org/openjfx/javafx-controls/13/javafx-controls-13-linux.jar:/home/cim/ug/zkac355/.m2/repository/org/openjfx/javafx-controls/13/javafx-controls-13.jar:/home/cim/ug/zkac355/.m2/repository/org/openjfx/javafx-fxml/13/javafx-fxml-13-linux.jar:/home/cim/ug/zkac355/.m2/repository/org/openjfx/javafx-fxml/13/javafx-fxml-13.jar:/home/cim/ug/zkac355/.m2/repository/org/openjfx/javafx-graphics/13/javafx-graphics-13-linux.jar:/home/cim/ug/zkac355/.m2/repository/org/openjfx/javafx-graphics/13/javafx-graphics-13.jar --add-modules=javafx.base,javafx.controls,javafx.fxml,javafx.graphics 
java_command: restaurant.Driver
java_class_path (initial): /home/cim/ug/zkac355/Documents/Year2/2810/gitrepros/PROJECT/target/classes:/home/cim/ug/zkac355/.m2/repository/org/checkerframework/checker-qual/3.5.0/checker-qual-3.5.0.jar:/home/cim/ug/zkac355/.m2/repository/org/postgresql/postgresql/42.5.1/postgresql-42.5.1.jar
Launcher Type: SUN_STANDARD

[Global flags]
     intx CICompilerCount                          = 12                                        {product} {ergonomic}
     uint ConcGCThreads                            = 5                                         {product} {ergonomic}
     uint G1ConcRefinementThreads                  = 18                                        {product} {ergonomic}
   size_t G1HeapRegionSize                         = 16777216                                  {product} {ergonomic}
    uintx GCDrainStackTargetSize                   = 64                                        {product} {ergonomic}
   size_t InitialHeapSize                          = 2147483648                                {product} {ergonomic}
   size_t MarkStackSize                            = 4194304                                   {product} {ergonomic}
   size_t MaxHeapSize                              = 32178700288                               {product} {ergonomic}
   size_t MinHeapDeltaBytes                        = 16777216                                  {product} {ergonomic}
   size_t MinHeapSize                              = 16777216                                  {product} {ergonomic}
    uintx NonNMethodCodeHeapSize                   = 7602480                                {pd product} {ergonomic}
    uintx NonProfiledCodeHeapSize                  = 122027880                              {pd product} {ergonomic}
    uintx ProfiledCodeHeapSize                     = 122027880                              {pd product} {ergonomic}
    uintx ReservedCodeCacheSize                    = 251658240                              {pd product} {ergonomic}
     bool SegmentedCodeCache                       = true                                      {product} {ergonomic}
   size_t SoftMaxHeapSize                          = 32178700288                            {manageable} {ergonomic}
     bool UseCompressedClassPointers               = true                           {product lp64_product} {ergonomic}
     bool UseCompressedOops                        = true                           {product lp64_product} {ergonomic}
     bool UseG1GC                                  = true                                      {product} {ergonomic}

Logging:
Log output configuration:
 #0: stdout all=warning uptime,level,tags
 #1: stderr all=off uptime,level,tags

Environment Variables:
CLASSPATH=.:/apps/jade/lib/jade.jar:/apps/share/java/rhulDrawing
PATH=/usr/local/sbin:/usr/local/bin:/usr/sbin:/usr/bin:/sbin:/bin:/home/cim/ug/zkac355/.dotnet/tools:/opt/puppetlabs/bin:/apps/x86_64Linux/blast/bin:/apps/x86_64Linux/hmmer:/apps/apache-jena/bin:/apps/pellet/bin:/opt/mpich/ch-p4/bin
USERNAME=zkac355
SHELL=/bin/bash
DISPLAY=:1036.0
LANG=en_GB.UTF-8

Signal Handlers:
   SIGSEGV: 0x00007faae3990d60 in libjvm.so+16104800, mask=11100100010111111101111111111110, flags=SA_RESTART|SA_SIGINFO
    SIGBUS: 0x00007faae3990d60 in libjvm.so+16104800, mask=11100100010111111101111111111110, flags=SA_RESTART|SA_SIGINFO
    SIGFPE: 0x00007faae3990d60 in libjvm.so+16104800, mask=11100100010111111101111111111110, flags=SA_RESTART|SA_SIGINFO
   SIGPIPE: 0x00007faae3832b30 in libjvm.so+14670640, mask=11100100010111111101111111111110, flags=SA_RESTART|SA_SIGINFO
   SIGXFSZ: 0x00007faae3832b30 in libjvm.so+14670640, mask=11100100010111111101111111111110, flags=SA_RESTART|SA_SIGINFO
    SIGILL: 0x00007faae3990d60 in libjvm.so+16104800, mask=11100100010111111101111111111110, flags=SA_RESTART|SA_SIGINFO
   SIGUSR2: 0x00007faae38321a0 in libjvm.so+14668192, mask=00100000000000000000000000000000, flags=SA_RESTART|SA_SIGINFO
    SIGHUP: SIG_DFL, mask=00000000000000000000000000000000, flags=none
    SIGINT: SIG_DFL, mask=00000000000000000000000000000000, flags=none
   SIGTERM: SIG_DFL, mask=00000000000000000000000000000000, flags=none
   SIGQUIT: 0x00007faae3832b30 in libjvm.so+14670640, mask=11100100010111111101111111111110, flags=SA_RESTART|SA_SIGINFO
   SIGTRAP: 0x00007faae3990d60 in libjvm.so+16104800, mask=11100100010111111101111111111110, flags=SA_RESTART|SA_SIGINFO


---------------  S Y S T E M  ---------------

OS:
DISTRIB_ID=Ubuntu
DISTRIB_RELEASE=20.04
DISTRIB_CODENAME=focal
DISTRIB_DESCRIPTION="Ubuntu 20.04.5 LTS"
uname: Linux 5.4.0-137-generic #154-Ubuntu SMP Thu Jan 5 17:03:22 UTC 2023 x86_64
OS uptime: 2 days 11:48 hours
libc: glibc 2.31 NPTL 2.31 
rlimit (soft/hard): STACK 8192k/300000k , CORE 0k/infinity , NPROC 800/1000 , NOFILE 1048576/1048576 , AS 67108864k/268435456k , CPU infinity/infinity , DATA infinity/infinity , FSIZE infinity/infinity , MEMLOCK 65536k/65536k
load average: 1.68 1.61 3.38

/proc/meminfo:
MemTotal:       198078768 kB
MemFree:        132065104 kB
MemAvailable:   157093996 kB
Buffers:         1042000 kB
Cached:         25054176 kB
SwapCached:            0 kB
Active:         47532380 kB
Inactive:       13304808 kB
Active(anon):   34866772 kB
Inactive(anon):  1748384 kB
Active(file):   12665608 kB
Inactive(file): 11556424 kB
Unevictable:        2352 kB
Mlocked:            2352 kB
SwapTotal:      31249404 kB
SwapFree:       31249404 kB
Dirty:               412 kB
Writeback:             0 kB
AnonPages:      34743828 kB
Mapped:          3701264 kB
Shmem:           1908120 kB
KReclaimable:    2259836 kB
Slab:            3710008 kB
SReclaimable:    2259836 kB
SUnreclaim:      1450172 kB
KernelStack:      158912 kB
PageTables:       327332 kB
NFS_Unstable:          0 kB
Bounce:                0 kB
WritebackTmp:          0 kB
CommitLimit:    130288788 kB
Committed_AS:   108277328 kB
VmallocTotal:   34359738367 kB
VmallocUsed:      402992 kB
VmallocChunk:          0 kB
Percpu:           131456 kB
HardwareCorrupted:     0 kB
AnonHugePages:         0 kB
ShmemHugePages:        0 kB
ShmemPmdMapped:        0 kB
FileHugePages:         0 kB
FilePmdMapped:         0 kB
CmaTotal:              0 kB
CmaFree:               0 kB
HugePages_Total:       0
HugePages_Free:        0
HugePages_Rsvd:        0
HugePages_Surp:        0
Hugepagesize:       2048 kB
Hugetlb:               0 kB
DirectMap4k:     2555776 kB
DirectMap2M:    59310080 kB
DirectMap1G:    141557760 kB

/sys/kernel/mm/transparent_hugepage/enabled: always [madvise] never
/sys/kernel/mm/transparent_hugepage/defrag (defrag/compaction efforts parameter): always defer defer+madvise [madvise] never

Process Memory:
Virtual Size: 33091732K (peak: 33091732K)
Resident Set Size: 16792K (peak: 16792K) (anon: 2920K, file: 13840K, shmem: 32K)
Swapped out: 0K
C-Heap outstanding allocations: 20453K, retained: 134K
glibc malloc tunables: (default)

/proc/sys/kernel/threads-max (system-wide limit on the number of threads): 1546984
/proc/sys/vm/max_map_count (maximum number of memory map areas a process may have): 65530
/proc/sys/kernel/pid_max (system-wide limit on number of process identifiers): 4194304

container (cgroup) information:
container_type: cgroupv1
cpu_cpuset_cpus: 0-23
cpu_memory_nodes: 0-1
active_processor_count: 24
cpu_quota: no quota
cpu_period: 100000
cpu_shares: no shares
memory_limit_in_bytes: unlimited
memory_and_swap_limit_in_bytes: not supported
memory_soft_limit_in_bytes: unlimited
memory_usage_in_bytes: 3287684 k
memory_max_usage_in_bytes: 3408408 k
maximum number of tasks: unlimited
current number of tasks: 749

VMWare virtualization detected
Steal ticks since vm start: 0
Steal ticks percentage since vm start:  0.000

CPU: total 24 (initial active 24) (1 cores per cpu, 1 threads per core) family 6 model 79 stepping 1 microcode 0xb00003a, cx8, cmov, fxsr, mmx, 3dnowpref, sse, sse2, sse3, ssse3, sse4.1, sse4.2, popcnt, lzcnt, tsc, tscinvbit, avx, avx2, aes, erms, clmul, bmi1, bmi2, adx, fma, vzeroupper, clflush, hv
CPU Model and flags from /proc/cpuinfo:
model name	: Intel(R) Xeon(R) CPU E5-2683 v4 @ 2.10GHz
flags		: fpu vme de pse tsc msr pae mce cx8 apic sep mtrr pge mca cmov pat pse36 clflush dts mmx fxsr sse sse2 ss syscall nx pdpe1gb rdtscp lm constant_tsc arch_perfmon pebs bts nopl xtopology tsc_reliable nonstop_tsc cpuid pni pclmulqdq ssse3 fma cx16 pcid sse4_1 sse4_2 x2apic movbe popcnt tsc_deadline_timer aes xsave avx f16c rdrand hypervisor lahf_lm abm 3dnowprefetch cpuid_fault invpcid_single pti ssbd ibrs ibpb stibp fsgsbase tsc_adjust bmi1 avx2 smep bmi2 invpcid rdseed adx smap xsaveopt arat md_clear flush_l1d arch_capabilities

Online cpus: 0-23
Offline cpus: 
BIOS frequency limitation: <Not Available>
Frequency switch latency (ns): <Not Available>
Available cpu frequencies: <Not Available>
Current governor: <Not Available>
Core performance/turbo boost: <Not Available>

Memory: 4k page, physical 198078768k(132065104k free), swap 31249404k(31249404k free)
Page Sizes: 4k

vm_info: OpenJDK 64-Bit Server VM (17.0.5+8-Ubuntu-2ubuntu120.04) for linux-amd64 JRE (17.0.5+8-Ubuntu-2ubuntu120.04), built on Oct 25 2022 13:05:40 by "buildd" with gcc 9.4.0

END.
