#
# There is insufficient memory for the Java Runtime Environment to continue.
# Cannot create worker GC thread. Out of system resources.
# Possible reasons:
#   The system is out of physical RAM or swap space
#   The process is running with CompressedOops enabled, and the Java Heap may be blocking the growth of the native heap
# Possible solutions:
#   Reduce memory load on the system
#   Increase physical memory or swap space
#   Check if swap backing store is full
#   Decrease Java heap size (-Xmx/-Xms)
#   Decrease number of Java threads
#   Decrease Java thread stack sizes (-Xss)
#   Set larger code cache with -XX:ReservedCodeCacheSize=
#   JVM is running with Zero Based Compressed Oops mode in which the Java heap is
#     placed in the first 32GB address space. The Java Heap base address is the
#     maximum limit for the native heap growth. Please use -XX:HeapBaseMinAddress
#     to set the Java Heap base and to place the Java Heap above 32GB virtual address.
# This output file may be truncated or incomplete.
#
#  Out of Memory Error (workerManager.hpp:87), pid=2880191, tid=2880197
#
# JRE version:  (17.0.6+10) (build )
# Java VM: OpenJDK 64-Bit Server VM (17.0.6+10-Ubuntu-0ubuntu120.04.1, mixed mode, sharing, tiered, compressed oops, compressed class ptrs, g1 gc, linux-amd64)
# Core dump will be written. Default location: Core dumps may be processed with "/usr/share/apport/apport -p%p -s%s -c%c -d%d -P%P -u%u -g%g -- %E" (or dumping to /home/cim/ug/zjac295/Desktop/team/PROJECT/core.2880191)
#

---------------  S U M M A R Y ------------

Command Line: -Dmaven.home=EMBEDDED -Dclassworlds.conf=/home/cim/ug/zjac295/testeclipse/.metadata/.plugins/org.eclipse.m2e.launching/launches/m2conf10315287278124358168.tmp -Dmaven.multiModuleProjectDirectory=/home/cim/ug/zjac295/Desktop/team/PROJECT -Dfile.encoding=UTF-8 -XX:+ShowCodeDetailsInExceptionMessages org.codehaus.plexus.classworlds.launcher.Launcher -B compile javafx:run

Host: Intel(R) Xeon(R) CPU E5-2683 v4 @ 2.10GHz, 24 cores, 188G, Ubuntu 20.04.5 LTS
Time: Thu Mar 16 19:08:36 2023 GMT elapsed time: 0.045528 seconds (0d 0h 0m 0s)

---------------  T H R E A D  ---------------

Current thread (0x00007f7d18015660):  JavaThread "Unknown thread" [_thread_in_vm, id=2880197, stack(0x00007f7d1f4ce000,0x00007f7d1f5cf000)]

Stack: [0x00007f7d1f4ce000,0x00007f7d1f5cf000],  sp=0x00007f7d1f5cd680,  free space=1021k
Native frames: (J=compiled Java code, j=interpreted, Vv=VM code, C=native code)
V  [libjvm.so+0xf5f295]
V  [libjvm.so+0xf5ff41]
V  [libjvm.so+0x61a0e7]
V  [libjvm.so+0xf93201]
V  [libjvm.so+0xf933dd]
V  [libjvm.so+0x7146f5]
V  [libjvm.so+0x703e84]
V  [libjvm.so+0xf0c696]
V  [libjvm.so+0x8127cb]
V  [libjvm.so+0xee2856]
V  [libjvm.so+0x8dc0f5]  JNI_CreateJavaVM+0x55
C  [libjli.so+0x3de1]
C  [libjli.so+0x82fd]


---------------  P R O C E S S  ---------------

Threads class SMR info:
_java_thread_list=0x00007f7d20cbf660, length=0, elements={
}

Java Threads: ( => current thread )

Other Threads:
  0x00007f7d1804b620 GCTaskThread "GC Thread#0" [stack: 0x00007f7d1d53b000,0x00007f7d1d63b000] [id=2880198]

[error occurred during error reporting (printing all threads), id 0xb, SIGSEGV (0xb) at pc=0x00007f7d2002ad04]

VM state: not at safepoint (not fully initialized)

VM Mutex/Monitor currently owned by a thread:  ([mutex/lock_event])
[0x00007f7d180119b0] Heap_lock - owner thread: 0x00007f7d18015660

Heap address: 0x0000000082000000, size: 30688 MB, Compressed Oops mode: Zero based, Oop shift amount: 3

CDS archive(s) mapped at: [0x0000000000000000-0x0000000000000000-0x0000000000000000), size 0, SharedBaseAddress: 0x0000000800000000, ArchiveRelocationMode: 0.
Narrow klass base: 0x0000000000000000, Narrow klass shift: 0, Narrow klass range: 0x0

GC Precious Log:
<Empty>

Heap:
 garbage-first heap   total 0K, used 0K [0x0000000082000000, 0x0000000800000000)
  region size 16384K, 0 young (0K), 0 survivors (0K)

[error occurred during error reporting (printing heap information), id 0xb, SIGSEGV (0xb) at pc=0x00007f7d205f1d3e]

GC Heap History (0 events):
No events

Dll operation events (2 events):
Event: 0.007 Loaded shared library /usr/lib/jvm/java-17-openjdk-amd64/lib/libjava.so
Event: 0.007 Loaded shared library /usr/lib/jvm/java-17-openjdk-amd64/lib/libzip.so

Deoptimization events (0 events):
No events

Classes unloaded (0 events):
No events

Classes redefined (0 events):
No events

Internal exceptions (0 events):
No events

VM Operations (0 events):
No events

Events (1 events):
Event: 0.006 Protecting memory [0x00007f7d1f4ce000,0x00007f7d1f4d2000] with protection modes 0


Dynamic libraries:
82000000-800000000 ---p 00000000 00:00 0 
55e5e65b0000-55e5e65b1000 r--p 00000000 08:02 3148160                    /usr/lib/jvm/java-17-openjdk-amd64/bin/java
55e5e65b1000-55e5e65b2000 r-xp 00001000 08:02 3148160                    /usr/lib/jvm/java-17-openjdk-amd64/bin/java
55e5e65b2000-55e5e65b3000 r--p 00002000 08:02 3148160                    /usr/lib/jvm/java-17-openjdk-amd64/bin/java
55e5e65b3000-55e5e65b4000 r--p 00002000 08:02 3148160                    /usr/lib/jvm/java-17-openjdk-amd64/bin/java
55e5e65b4000-55e5e65b5000 rw-p 00003000 08:02 3148160                    /usr/lib/jvm/java-17-openjdk-amd64/bin/java
55e5e747a000-55e5e74c0000 rw-p 00000000 00:00 0                          [heap]
7f7cac000000-7f7cac021000 rw-p 00000000 00:00 0 
7f7cac021000-7f7cb0000000 ---p 00000000 00:00 0 
7f7cb4000000-7f7cb4021000 rw-p 00000000 00:00 0 
7f7cb4021000-7f7cb8000000 ---p 00000000 00:00 0 
7f7cb9e6e000-7f7d0113e000 ---p 00000000 00:00 0 
7f7d0113e000-7f7d013ae000 rwxp 00000000 00:00 0 
7f7d013ae000-7f7d0859d000 ---p 00000000 00:00 0 
7f7d0859d000-7f7d0880d000 rwxp 00000000 00:00 0 
7f7d0880d000-7f7d08cde000 ---p 00000000 00:00 0 
7f7d08cde000-7f7d08f4e000 rwxp 00000000 00:00 0 
7f7d08f4e000-7f7d1013e000 ---p 00000000 00:00 0 
7f7d1013e000-7f7d18000000 r--s 00000000 08:02 3148862                    /usr/lib/jvm/java-17-openjdk-amd64/lib/modules
7f7d18000000-7f7d18068000 rw-p 00000000 00:00 0 
7f7d18068000-7f7d1c000000 ---p 00000000 00:00 0 
7f7d1d335000-7f7d1d336000 ---p 00000000 00:00 0 
7f7d1d336000-7f7d1d437000 rw-p 00000000 00:00 0 
7f7d1d437000-7f7d1d438000 ---p 00000000 00:00 0 
7f7d1d438000-7f7d1d539000 rw-p 00000000 00:00 0 
7f7d1d539000-7f7d1d53a000 ---p 00000000 00:00 0 
7f7d1d53a000-7f7d1eaae000 rw-p 00000000 00:00 0 
7f7d1eaae000-7f7d1eb92000 ---p 00000000 00:00 0 
7f7d1eb92000-7f7d1eb97000 rw-p 00000000 00:00 0 
7f7d1eb97000-7f7d1ec7b000 ---p 00000000 00:00 0 
7f7d1ec7b000-7f7d1ec80000 rw-p 00000000 00:00 0 
7f7d1ec80000-7f7d1ec8a000 ---p 00000000 00:00 0 
7f7d1ec8a000-7f7d1ec8c000 r--s 0000c000 08:02 3277179                    /usr/share/java/java-atk-wrapper.jar
7f7d1ec8c000-7f7d1ec8e000 r--p 00000000 08:02 3148846                    /usr/lib/jvm/java-17-openjdk-amd64/lib/libzip.so
7f7d1ec8e000-7f7d1ec93000 r-xp 00002000 08:02 3148846                    /usr/lib/jvm/java-17-openjdk-amd64/lib/libzip.so
7f7d1ec93000-7f7d1ec95000 r--p 00007000 08:02 3148846                    /usr/lib/jvm/java-17-openjdk-amd64/lib/libzip.so
7f7d1ec95000-7f7d1ec96000 r--p 00008000 08:02 3148846                    /usr/lib/jvm/java-17-openjdk-amd64/lib/libzip.so
7f7d1ec96000-7f7d1ec97000 rw-p 00009000 08:02 3148846                    /usr/lib/jvm/java-17-openjdk-amd64/lib/libzip.so
7f7d1ec97000-7f7d1eca3000 r--p 00000000 08:02 3148733                    /usr/lib/jvm/java-17-openjdk-amd64/lib/libjava.so
7f7d1eca3000-7f7d1ecb6000 r-xp 0000c000 08:02 3148733                    /usr/lib/jvm/java-17-openjdk-amd64/lib/libjava.so
7f7d1ecb6000-7f7d1ecbc000 r--p 0001f000 08:02 3148733                    /usr/lib/jvm/java-17-openjdk-amd64/lib/libjava.so
7f7d1ecbc000-7f7d1ecbd000 ---p 00025000 08:02 3148733                    /usr/lib/jvm/java-17-openjdk-amd64/lib/libjava.so
7f7d1ecbd000-7f7d1ecbe000 r--p 00025000 08:02 3148733                    /usr/lib/jvm/java-17-openjdk-amd64/lib/libjava.so
7f7d1ecbe000-7f7d1ecbf000 rw-p 00026000 08:02 3148733                    /usr/lib/jvm/java-17-openjdk-amd64/lib/libjava.so
7f7d1ecbf000-7f7d1ecc0000 rw-p 00000000 00:00 0 
7f7d1ecc0000-7f7d1ecc8000 rw-s 00000000 00:32 644                        /tmp/hsperfdata_zjac295/2880191
7f7d1ecc8000-7f7d1f4cd000 r--s 00000000 08:02 1441855                    /var/lib/sss/mc/passwd
7f7d1f4ce000-7f7d1f4d2000 ---p 00000000 00:00 0 
7f7d1f4d2000-7f7d1f5cf000 rw-p 00000000 00:00 0 
7f7d1f5cf000-7f7d1f5d2000 r--p 00000000 08:02 1179683                    /lib/x86_64-linux-gnu/libgcc_s.so.1
7f7d1f5d2000-7f7d1f5e4000 r-xp 00003000 08:02 1179683                    /lib/x86_64-linux-gnu/libgcc_s.so.1
7f7d1f5e4000-7f7d1f5e8000 r--p 00015000 08:02 1179683                    /lib/x86_64-linux-gnu/libgcc_s.so.1
7f7d1f5e8000-7f7d1f5e9000 r--p 00018000 08:02 1179683                    /lib/x86_64-linux-gnu/libgcc_s.so.1
7f7d1f5e9000-7f7d1f5ea000 rw-p 00019000 08:02 1179683                    /lib/x86_64-linux-gnu/libgcc_s.so.1
7f7d1f5ea000-7f7d1f5f7000 r--p 00000000 08:02 1179776                    /lib/x86_64-linux-gnu/libm-2.31.so
7f7d1f5f7000-7f7d1f69e000 r-xp 0000d000 08:02 1179776                    /lib/x86_64-linux-gnu/libm-2.31.so
7f7d1f69e000-7f7d1f737000 r--p 000b4000 08:02 1179776                    /lib/x86_64-linux-gnu/libm-2.31.so
7f7d1f737000-7f7d1f738000 r--p 0014c000 08:02 1179776                    /lib/x86_64-linux-gnu/libm-2.31.so
7f7d1f738000-7f7d1f739000 rw-p 0014d000 08:02 1179776                    /lib/x86_64-linux-gnu/libm-2.31.so
7f7d1f739000-7f7d1f7cf000 r--p 00000000 08:02 1966267                    /usr/lib/x86_64-linux-gnu/libstdc++.so.6.0.28
7f7d1f7cf000-7f7d1f8c0000 r-xp 00096000 08:02 1966267                    /usr/lib/x86_64-linux-gnu/libstdc++.so.6.0.28
7f7d1f8c0000-7f7d1f909000 r--p 00187000 08:02 1966267                    /usr/lib/x86_64-linux-gnu/libstdc++.so.6.0.28
7f7d1f909000-7f7d1f90a000 ---p 001d0000 08:02 1966267                    /usr/lib/x86_64-linux-gnu/libstdc++.so.6.0.28
7f7d1f90a000-7f7d1f915000 r--p 001d0000 08:02 1966267                    /usr/lib/x86_64-linux-gnu/libstdc++.so.6.0.28
7f7d1f915000-7f7d1f918000 rw-p 001db000 08:02 1966267                    /usr/lib/x86_64-linux-gnu/libstdc++.so.6.0.28
7f7d1f918000-7f7d1f91b000 rw-p 00000000 00:00 0 
7f7d1f91b000-7f7d1fb6b000 r--p 00000000 08:02 3148885                    /usr/lib/jvm/java-17-openjdk-amd64/lib/server/libjvm.so
7f7d1fb6b000-7f7d208fc000 r-xp 00250000 08:02 3148885                    /usr/lib/jvm/java-17-openjdk-amd64/lib/server/libjvm.so
7f7d208fc000-7f7d20b82000 r--p 00fe1000 08:02 3148885                    /usr/lib/jvm/java-17-openjdk-amd64/lib/server/libjvm.so
7f7d20b82000-7f7d20b83000 ---p 01267000 08:02 3148885                    /usr/lib/jvm/java-17-openjdk-amd64/lib/server/libjvm.so
7f7d20b83000-7f7d20c3b000 r--p 01267000 08:02 3148885                    /usr/lib/jvm/java-17-openjdk-amd64/lib/server/libjvm.so
7f7d20c3b000-7f7d20c70000 rw-p 0131f000 08:02 3148885                    /usr/lib/jvm/java-17-openjdk-amd64/lib/server/libjvm.so
7f7d20c70000-7f7d20ccb000 rw-p 00000000 00:00 0 
7f7d20ccb000-7f7d20cd1000 r--p 00000000 08:02 1181005                    /lib/x86_64-linux-gnu/libpthread-2.31.so
7f7d20cd1000-7f7d20ce2000 r-xp 00006000 08:02 1181005                    /lib/x86_64-linux-gnu/libpthread-2.31.so
7f7d20ce2000-7f7d20ce8000 r--p 00017000 08:02 1181005                    /lib/x86_64-linux-gnu/libpthread-2.31.so
7f7d20ce8000-7f7d20ce9000 r--p 0001c000 08:02 1181005                    /lib/x86_64-linux-gnu/libpthread-2.31.so
7f7d20ce9000-7f7d20cea000 rw-p 0001d000 08:02 1181005                    /lib/x86_64-linux-gnu/libpthread-2.31.so
7f7d20cea000-7f7d20cee000 rw-p 00000000 00:00 0 
7f7d20cee000-7f7d20cef000 r--p 00000000 08:02 1179773                    /lib/x86_64-linux-gnu/libdl-2.31.so
7f7d20cef000-7f7d20cf1000 r-xp 00001000 08:02 1179773                    /lib/x86_64-linux-gnu/libdl-2.31.so
7f7d20cf1000-7f7d20cf2000 r--p 00003000 08:02 1179773                    /lib/x86_64-linux-gnu/libdl-2.31.so
7f7d20cf2000-7f7d20cf3000 r--p 00003000 08:02 1179773                    /lib/x86_64-linux-gnu/libdl-2.31.so
7f7d20cf3000-7f7d20cf4000 rw-p 00004000 08:02 1179773                    /lib/x86_64-linux-gnu/libdl-2.31.so
7f7d20cf4000-7f7d20cf6000 r--p 00000000 08:02 1180009                    /lib/x86_64-linux-gnu/libz.so.1.2.11
7f7d20cf6000-7f7d20d07000 r-xp 00002000 08:02 1180009                    /lib/x86_64-linux-gnu/libz.so.1.2.11
7f7d20d07000-7f7d20d0d000 r--p 00013000 08:02 1180009                    /lib/x86_64-linux-gnu/libz.so.1.2.11
7f7d20d0d000-7f7d20d0e000 ---p 00019000 08:02 1180009                    /lib/x86_64-linux-gnu/libz.so.1.2.11
7f7d20d0e000-7f7d20d0f000 r--p 00019000 08:02 1180009                    /lib/x86_64-linux-gnu/libz.so.1.2.11
7f7d20d0f000-7f7d20d10000 rw-p 0001a000 08:02 1180009                    /lib/x86_64-linux-gnu/libz.so.1.2.11
7f7d20d10000-7f7d20d32000 r--p 00000000 08:02 1179772                    /lib/x86_64-linux-gnu/libc-2.31.so
7f7d20d32000-7f7d20eaa000 r-xp 00022000 08:02 1179772                    /lib/x86_64-linux-gnu/libc-2.31.so
7f7d20eaa000-7f7d20ef8000 r--p 0019a000 08:02 1179772                    /lib/x86_64-linux-gnu/libc-2.31.so
7f7d20ef8000-7f7d20efc000 r--p 001e7000 08:02 1179772                    /lib/x86_64-linux-gnu/libc-2.31.so
7f7d20efc000-7f7d20efe000 rw-p 001eb000 08:02 1179772                    /lib/x86_64-linux-gnu/libc-2.31.so
7f7d20efe000-7f7d20f02000 rw-p 00000000 00:00 0 
7f7d20f02000-7f7d20f04000 r--p 00000000 08:02 1179806                    /lib/x86_64-linux-gnu/libnss_sss.so.2
7f7d20f04000-7f7d20f0a000 r-xp 00002000 08:02 1179806                    /lib/x86_64-linux-gnu/libnss_sss.so.2
7f7d20f0a000-7f7d20f0c000 r--p 00008000 08:02 1179806                    /lib/x86_64-linux-gnu/libnss_sss.so.2
7f7d20f0c000-7f7d20f0d000 r--p 00009000 08:02 1179806                    /lib/x86_64-linux-gnu/libnss_sss.so.2
7f7d20f0d000-7f7d20f0e000 rw-p 0000a000 08:02 1179806                    /lib/x86_64-linux-gnu/libnss_sss.so.2
7f7d20f0e000-7f7d20f10000 r--p 00000000 08:02 1180209                    /lib/x86_64-linux-gnu/libnss_compat-2.31.so
7f7d20f10000-7f7d20f17000 r-xp 00002000 08:02 1180209                    /lib/x86_64-linux-gnu/libnss_compat-2.31.so
7f7d20f17000-7f7d20f18000 r--p 00009000 08:02 1180209                    /lib/x86_64-linux-gnu/libnss_compat-2.31.so
7f7d20f18000-7f7d20f19000 r--p 00009000 08:02 1180209                    /lib/x86_64-linux-gnu/libnss_compat-2.31.so
7f7d20f19000-7f7d20f1a000 rw-p 0000a000 08:02 1180209                    /lib/x86_64-linux-gnu/libnss_compat-2.31.so
7f7d20f1a000-7f7d20f1b000 ---p 00000000 00:00 0 
7f7d20f1b000-7f7d20f1c000 r--p 00000000 00:00 0 
7f7d20f1c000-7f7d20f1e000 r--p 00000000 08:02 3148777                    /usr/lib/jvm/java-17-openjdk-amd64/lib/libjimage.so
7f7d20f1e000-7f7d20f21000 r-xp 00002000 08:02 3148777                    /usr/lib/jvm/java-17-openjdk-amd64/lib/libjimage.so
7f7d20f21000-7f7d20f22000 r--p 00005000 08:02 3148777                    /usr/lib/jvm/java-17-openjdk-amd64/lib/libjimage.so
7f7d20f22000-7f7d20f23000 ---p 00006000 08:02 3148777                    /usr/lib/jvm/java-17-openjdk-amd64/lib/libjimage.so
7f7d20f23000-7f7d20f24000 r--p 00006000 08:02 3148777                    /usr/lib/jvm/java-17-openjdk-amd64/lib/libjimage.so
7f7d20f24000-7f7d20f25000 rw-p 00007000 08:02 3148777                    /usr/lib/jvm/java-17-openjdk-amd64/lib/libjimage.so
7f7d20f25000-7f7d20f27000 r--p 00000000 08:02 3148778                    /usr/lib/jvm/java-17-openjdk-amd64/lib/libjli.so
7f7d20f27000-7f7d20f31000 r-xp 00002000 08:02 3148778                    /usr/lib/jvm/java-17-openjdk-amd64/lib/libjli.so
7f7d20f31000-7f7d20f34000 r--p 0000c000 08:02 3148778                    /usr/lib/jvm/java-17-openjdk-amd64/lib/libjli.so
7f7d20f34000-7f7d20f35000 ---p 0000f000 08:02 3148778                    /usr/lib/jvm/java-17-openjdk-amd64/lib/libjli.so
7f7d20f35000-7f7d20f36000 r--p 0000f000 08:02 3148778                    /usr/lib/jvm/java-17-openjdk-amd64/lib/libjli.so
7f7d20f36000-7f7d20f37000 rw-p 00010000 08:02 3148778                    /usr/lib/jvm/java-17-openjdk-amd64/lib/libjli.so
7f7d20f37000-7f7d20f39000 rw-p 00000000 00:00 0 
7f7d20f39000-7f7d20f3a000 r--p 00000000 08:02 1179753                    /lib/x86_64-linux-gnu/ld-2.31.so
7f7d20f3a000-7f7d20f5d000 r-xp 00001000 08:02 1179753                    /lib/x86_64-linux-gnu/ld-2.31.so
7f7d20f5d000-7f7d20f65000 r--p 00024000 08:02 1179753                    /lib/x86_64-linux-gnu/ld-2.31.so
7f7d20f65000-7f7d20f66000 ---p 00000000 00:00 0 
7f7d20f66000-7f7d20f67000 r--p 0002c000 08:02 1179753                    /lib/x86_64-linux-gnu/ld-2.31.so
7f7d20f67000-7f7d20f68000 rw-p 0002d000 08:02 1179753                    /lib/x86_64-linux-gnu/ld-2.31.so
7f7d20f68000-7f7d20f69000 rw-p 00000000 00:00 0 
7fff94e7b000-7fff94e9c000 rw-p 00000000 00:00 0                          [stack]
7fff94edb000-7fff94ede000 r--p 00000000 00:00 0                          [vvar]
7fff94ede000-7fff94edf000 r-xp 00000000 00:00 0                          [vdso]
ffffffffff600000-ffffffffff601000 --xp 00000000 00:00 0                  [vsyscall]


VM Arguments:
jvm_args: -Dmaven.home=EMBEDDED -Dclassworlds.conf=/home/cim/ug/zjac295/testeclipse/.metadata/.plugins/org.eclipse.m2e.launching/launches/m2conf10315287278124358168.tmp -Dmaven.multiModuleProjectDirectory=/home/cim/ug/zjac295/Desktop/team/PROJECT -Dfile.encoding=UTF-8 -XX:+ShowCodeDetailsInExceptionMessages 
java_command: org.codehaus.plexus.classworlds.launcher.Launcher -B compile javafx:run
java_class_path (initial): /rmt/nas/apps/x86_64Linux/eclipse-java-2022-06/plugins/org.eclipse.m2e.maven.runtime_1.18.3.20220227-1319/jars/plexus-classworlds-2.6.0.jar
Launcher Type: SUN_STANDARD

[Global flags]
     intx CICompilerCount                          = 12                                        {product} {ergonomic}
     uint ConcGCThreads                            = 5                                         {product} {ergonomic}
     uint G1ConcRefinementThreads                  = 18                                        {product} {ergonomic}
   size_t G1HeapRegionSize                         = 16777216                                  {product} {ergonomic}
    uintx GCDrainStackTargetSize                   = 64                                        {product} {ergonomic}
   size_t InitialHeapSize                          = 2147483648                                {product} {ergonomic}
   size_t MarkStackSize                            = 4194304                                   {product} {ergonomic}
   size_t MaxHeapSize                              = 32178700288                               {product} {ergonomic}
   size_t MinHeapDeltaBytes                        = 16777216                                  {product} {ergonomic}
   size_t MinHeapSize                              = 16777216                                  {product} {ergonomic}
    uintx NonNMethodCodeHeapSize                   = 7602480                                {pd product} {ergonomic}
    uintx NonProfiledCodeHeapSize                  = 122027880                              {pd product} {ergonomic}
    uintx ProfiledCodeHeapSize                     = 122027880                              {pd product} {ergonomic}
    uintx ReservedCodeCacheSize                    = 251658240                              {pd product} {ergonomic}
     bool SegmentedCodeCache                       = true                                      {product} {ergonomic}
     bool ShowCodeDetailsInExceptionMessages       = true                                   {manageable} {command line}
   size_t SoftMaxHeapSize                          = 32178700288                            {manageable} {ergonomic}
     bool UseCompressedClassPointers               = true                           {product lp64_product} {ergonomic}
     bool UseCompressedOops                        = true                           {product lp64_product} {ergonomic}
     bool UseG1GC                                  = true                                      {product} {ergonomic}

Logging:
Log output configuration:
 #0: stdout all=warning uptime,level,tags
 #1: stderr all=off uptime,level,tags

Environment Variables:
CLASSPATH=.:/apps/jade/lib/jade.jar:/apps/share/java/rhulDrawing
PATH=/usr/local/sbin:/usr/local/bin:/usr/sbin:/usr/bin:/sbin:/bin:/home/cim/ug/zjac295/.dotnet/tools:/opt/puppetlabs/bin:/apps/x86_64Linux/blast/bin:/apps/x86_64Linux/hmmer:/apps/apache-jena/bin:/apps/pellet/bin:/opt/mpich/ch-p4/bin
USERNAME=zjac295
SHELL=/bin/bash
DISPLAY=:1016.0
LANG=en_GB.UTF-8

Signal Handlers:
   SIGSEGV: 0x00007f7d2087af60 in libjvm.so+16121696, mask=11100100010111111101111111111110, flags=SA_RESTART|SA_SIGINFO
    SIGBUS: 0x00007f7d2087af60 in libjvm.so+16121696, mask=11100100010111111101111111111110, flags=SA_RESTART|SA_SIGINFO
    SIGFPE: 0x00007f7d2087af60 in libjvm.so+16121696, mask=11100100010111111101111111111110, flags=SA_RESTART|SA_SIGINFO
   SIGPIPE: 0x00007f7d20719560 in libjvm.so+14673248, mask=11100100010111111101111111111110, flags=SA_RESTART|SA_SIGINFO
   SIGXFSZ: 0x00007f7d20719560 in libjvm.so+14673248, mask=11100100010111111101111111111110, flags=SA_RESTART|SA_SIGINFO
    SIGILL: 0x00007f7d2087af60 in libjvm.so+16121696, mask=11100100010111111101111111111110, flags=SA_RESTART|SA_SIGINFO
   SIGUSR2: 0x00007f7d20718be0 in libjvm.so+14670816, mask=00100000000000000000000000000000, flags=SA_RESTART|SA_SIGINFO
    SIGHUP: SIG_DFL, mask=00000000000000000000000000000000, flags=none
    SIGINT: SIG_DFL, mask=00000000000000000000000000000000, flags=none
   SIGTERM: SIG_DFL, mask=00000000000000000000000000000000, flags=none
   SIGQUIT: 0x00007f7d20718b20 in libjvm.so+14670624, mask=11100100010111111101111111111110, flags=SA_RESTART|SA_SIGINFO
   SIGTRAP: 0x00007f7d2087af60 in libjvm.so+16121696, mask=11100100010111111101111111111110, flags=SA_RESTART|SA_SIGINFO


---------------  S Y S T E M  ---------------

OS:
DISTRIB_ID=Ubuntu
DISTRIB_RELEASE=20.04
DISTRIB_CODENAME=focal
DISTRIB_DESCRIPTION="Ubuntu 20.04.5 LTS"
uname: Linux 5.4.0-144-generic #161-Ubuntu SMP Fri Feb 3 14:49:04 UTC 2023 x86_64
OS uptime: 2 days 11:53 hours
libc: glibc 2.31 NPTL 2.31 
rlimit (soft/hard): STACK 8192k/300000k , CORE 0k/infinity , NPROC 800/1000 , NOFILE 1048576/1048576 , AS 67108864k/268435456k , CPU infinity/infinity , DATA infinity/infinity , FSIZE infinity/infinity , MEMLOCK 65536k/65536k
load average: 2.59 2.02 1.91

/proc/meminfo:
MemTotal:       198078776 kB
MemFree:        130124400 kB
MemAvailable:   157985484 kB
Buffers:         1049524 kB
Cached:         27702912 kB
SwapCached:            0 kB
Active:         47737488 kB
Inactive:       14263580 kB
Active(anon):   33380824 kB
Inactive(anon):  1876852 kB
Active(file):   14356664 kB
Inactive(file): 12386728 kB
Unevictable:        2448 kB
Mlocked:            2448 kB
SwapTotal:      31249404 kB
SwapFree:       31249404 kB
Dirty:               700 kB
Writeback:             0 kB
AnonPages:      33251352 kB
Mapped:          4015268 kB
Shmem:           2077428 kB
KReclaimable:    2570524 kB
Slab:            4378244 kB
SReclaimable:    2570524 kB
SUnreclaim:      1807720 kB
KernelStack:      190496 kB
PageTables:       380712 kB
NFS_Unstable:          0 kB
Bounce:                0 kB
WritebackTmp:          0 kB
CommitLimit:    130288792 kB
Committed_AS:   122352692 kB
VmallocTotal:   34359738367 kB
VmallocUsed:      437304 kB
VmallocChunk:          0 kB
Percpu:           137472 kB
HardwareCorrupted:     0 kB
AnonHugePages:         0 kB
ShmemHugePages:        0 kB
ShmemPmdMapped:        0 kB
FileHugePages:         0 kB
FilePmdMapped:         0 kB
CmaTotal:              0 kB
CmaFree:               0 kB
HugePages_Total:       0
HugePages_Free:        0
HugePages_Rsvd:        0
HugePages_Surp:        0
Hugepagesize:       2048 kB
Hugetlb:               0 kB
DirectMap4k:     3108736 kB
DirectMap2M:    66097152 kB
DirectMap1G:    134217728 kB

/sys/kernel/mm/transparent_hugepage/enabled: always [madvise] never
/sys/kernel/mm/transparent_hugepage/defrag (defrag/compaction efforts parameter): always defer defer+madvise [madvise] never

Process Memory:
Virtual Size: 33224916K (peak: 33289420K)
Resident Set Size: 16020K (peak: 16020K) (anon: 2912K, file: 13076K, shmem: 32K)
Swapped out: 0K
C-Heap outstanding allocations: 20527K, retained: 392K
glibc malloc tunables: (default)

/proc/sys/kernel/threads-max (system-wide limit on the number of threads): 1546970
/proc/sys/vm/max_map_count (maximum number of memory map areas a process may have): 65530
/proc/sys/kernel/pid_max (system-wide limit on number of process identifiers): 4194304

container (cgroup) information:
container_type: cgroupv1
cpu_cpuset_cpus: 0-23
cpu_memory_nodes: 0-1
active_processor_count: 24
cpu_quota: no quota
cpu_period: 100000
cpu_shares: no shares
memory_limit_in_bytes: unlimited
memory_and_swap_limit_in_bytes: not supported
memory_soft_limit_in_bytes: unlimited
memory_usage_in_bytes: 2792488 k
memory_max_usage_in_bytes: 2823620 k
kernel_memory_usage_in_bytes: 69744 k
kernel_memory_max_usage_in_bytes: unlimited
kernel_memory_limit_in_bytes: 69744 k
maximum number of tasks: unlimited
current number of tasks: 717

VMWare virtualization detected
Steal ticks since vm start: 0
Steal ticks percentage since vm start:  0.000

CPU: total 24 (initial active 24) (1 cores per cpu, 1 threads per core) family 6 model 79 stepping 1 microcode 0xb00003a, cx8, cmov, fxsr, mmx, 3dnowpref, sse, sse2, sse3, ssse3, sse4.1, sse4.2, popcnt, lzcnt, tsc, tscinvbit, avx, avx2, aes, erms, clmul, bmi1, bmi2, adx, fma, vzeroupper, clflush, hv
CPU Model and flags from /proc/cpuinfo:
model name	: Intel(R) Xeon(R) CPU E5-2683 v4 @ 2.10GHz
flags		: fpu vme de pse tsc msr pae mce cx8 apic sep mtrr pge mca cmov pat pse36 clflush dts mmx fxsr sse sse2 ss syscall nx pdpe1gb rdtscp lm constant_tsc arch_perfmon pebs bts nopl xtopology tsc_reliable nonstop_tsc cpuid pni pclmulqdq ssse3 fma cx16 pcid sse4_1 sse4_2 x2apic movbe popcnt tsc_deadline_timer aes xsave avx f16c rdrand hypervisor lahf_lm abm 3dnowprefetch cpuid_fault invpcid_single pti ssbd ibrs ibpb stibp fsgsbase tsc_adjust bmi1 avx2 smep bmi2 invpcid rdseed adx smap xsaveopt arat md_clear flush_l1d arch_capabilities

Online cpus: 0-23
Offline cpus: 
BIOS frequency limitation: <Not Available>
Frequency switch latency (ns): <Not Available>
Available cpu frequencies: <Not Available>
Current governor: <Not Available>
Core performance/turbo boost: <Not Available>

Memory: 4k page, physical 198078776k(130124336k free), swap 31249404k(31249404k free)
Page Sizes: 4k

vm_info: OpenJDK 64-Bit Server VM (17.0.6+10-Ubuntu-0ubuntu120.04.1) for linux-amd64 JRE (17.0.6+10-Ubuntu-0ubuntu120.04.1), built on Jan 24 2023 21:06:33 by "buildd" with gcc 9.4.0

END.
