#
# There is insufficient memory for the Java Runtime Environment to continue.
# Cannot create worker GC thread. Out of system resources.
# Possible reasons:
#   The system is out of physical RAM or swap space
#   The process is running with CompressedOops enabled, and the Java Heap may be blocking the growth of the native heap
# Possible solutions:
#   Reduce memory load on the system
#   Increase physical memory or swap space
#   Check if swap backing store is full
#   Decrease Java heap size (-Xmx/-Xms)
#   Decrease number of Java threads
#   Decrease Java thread stack sizes (-Xss)
#   Set larger code cache with -XX:ReservedCodeCacheSize=
#   JVM is running with Zero Based Compressed Oops mode in which the Java heap is
#     placed in the first 32GB address space. The Java Heap base address is the
#     maximum limit for the native heap growth. Please use -XX:HeapBaseMinAddress
#     to set the Java Heap base and to place the Java Heap above 32GB virtual address.
# This output file may be truncated or incomplete.
#
#  Out of Memory Error (workerManager.hpp:87), pid=114980, tid=114983
#
# JRE version:  (17.0.5+8) (build )
# Java VM: OpenJDK 64-Bit Server VM (17.0.5+8-Ubuntu-2ubuntu120.04, mixed mode, sharing, tiered, compressed oops, compressed class ptrs, g1 gc, linux-amd64)
# Core dump will be written. Default location: Core dumps may be processed with "/usr/share/apport/apport -p%p -s%s -c%c -d%d -P%P -u%u -g%g -- %E" (or dumping to /home/cim/ug/zjac295/Desktop/team/PROJECT/core.114980)
#

---------------  S U M M A R Y ------------

Command Line: --module-path=/home/cim/ug/zjac295/.m2/repository/org/openjfx/javafx-base/13/javafx-base-13-linux.jar:/home/cim/ug/zjac295/.m2/repository/org/openjfx/javafx-base/13/javafx-base-13.jar:/home/cim/ug/zjac295/.m2/repository/org/openjfx/javafx-controls/13/javafx-controls-13-linux.jar:/home/cim/ug/zjac295/.m2/repository/org/openjfx/javafx-controls/13/javafx-controls-13.jar:/home/cim/ug/zjac295/.m2/repository/org/openjfx/javafx-fxml/13/javafx-fxml-13-linux.jar:/home/cim/ug/zjac295/.m2/repository/org/openjfx/javafx-fxml/13/javafx-fxml-13.jar:/home/cim/ug/zjac295/.m2/repository/org/openjfx/javafx-graphics/13/javafx-graphics-13-linux.jar:/home/cim/ug/zjac295/.m2/repository/org/openjfx/javafx-graphics/13/javafx-graphics-13.jar --add-modules=javafx.base,javafx.controls,javafx.fxml,javafx.graphics restaurant.Driver

Host: Intel(R) Xeon(R) CPU E5-2683 v4 @ 2.10GHz, 24 cores, 188G, Ubuntu 20.04.5 LTS
Time: Mon Feb 20 22:35:31 2023 GMT elapsed time: 0.021497 seconds (0d 0h 0m 0s)

---------------  T H R E A D  ---------------

Current thread (0x00007fa510015c80):  JavaThread "Unknown thread" [_thread_in_vm, id=114983, stack(0x00007fa514458000,0x00007fa514559000)]

Stack: [0x00007fa514458000,0x00007fa514559000],  sp=0x00007fa5145576e0,  free space=1021k
Native frames: (J=compiled Java code, j=interpreted, Vv=VM code, C=native code)
V  [libjvm.so+0xf5b095]
V  [libjvm.so+0xf5bd41]
V  [libjvm.so+0x618e17]
V  [libjvm.so+0xf8f0f1]
V  [libjvm.so+0xf8f2cd]
V  [libjvm.so+0x702719]
V  [libjvm.so+0xf083f6]
V  [libjvm.so+0x81173b]
V  [libjvm.so+0xede5c6]
V  [libjvm.so+0x8db3d5]  JNI_CreateJavaVM+0x55
C  [libjli.so+0x3de1]
C  [libjli.so+0x82fd]


---------------  P R O C E S S  ---------------

Threads class SMR info:
_java_thread_list=0x00007fa515c444a0, length=0, elements={
}

Java Threads: ( => current thread )

Other Threads:

[error occurred during error reporting (printing all threads), id 0xb, SIGSEGV (0xb) at pc=0x00007fa514fb3494]

VM state: not at safepoint (not fully initialized)

VM Mutex/Monitor currently owned by a thread:  ([mutex/lock_event])
[0x00007fa510011fd0] Heap_lock - owner thread: 0x00007fa510015c80

Heap address: 0x0000000082000000, size: 30688 MB, Compressed Oops mode: Zero based, Oop shift amount: 3

CDS archive(s) mapped at: [0x0000000000000000-0x0000000000000000-0x0000000000000000), size 0, SharedBaseAddress: 0x0000000800000000, ArchiveRelocationMode: 0.
Narrow klass base: 0x0000000000000000, Narrow klass shift: 0, Narrow klass range: 0x0

GC Precious Log:
<Empty>

Heap:
 garbage-first heap   total 0K, used 0K [0x0000000082000000, 0x0000000800000000)
  region size 16384K, 0 young (0K), 0 survivors (0K)

[error occurred during error reporting (printing heap information), id 0xb, SIGSEGV (0xb) at pc=0x00007fa51557b08e]

GC Heap History (0 events):
No events

Dll operation events (2 events):
Event: 0.012 Loaded shared library /usr/lib/jvm/java-17-openjdk-amd64/lib/libjava.so
Event: 0.012 Loaded shared library /usr/lib/jvm/java-17-openjdk-amd64/lib/libzip.so

Deoptimization events (0 events):
No events

Classes unloaded (0 events):
No events

Classes redefined (0 events):
No events

Internal exceptions (0 events):
No events

VM Operations (0 events):
No events

Events (1 events):
Event: 0.010 Protecting memory [0x00007fa514458000,0x00007fa51445c000] with protection modes 0


Dynamic libraries:
82000000-800000000 ---p 00000000 00:00 0 
55e6cfc57000-55e6cfc58000 r--p 00000000 08:02 3162618                    /usr/lib/jvm/java-17-openjdk-amd64/bin/java
55e6cfc58000-55e6cfc59000 r-xp 00001000 08:02 3162618                    /usr/lib/jvm/java-17-openjdk-amd64/bin/java
55e6cfc59000-55e6cfc5a000 r--p 00002000 08:02 3162618                    /usr/lib/jvm/java-17-openjdk-amd64/bin/java
55e6cfc5a000-55e6cfc5b000 r--p 00002000 08:02 3162618                    /usr/lib/jvm/java-17-openjdk-amd64/bin/java
55e6cfc5b000-55e6cfc5c000 rw-p 00003000 08:02 3162618                    /usr/lib/jvm/java-17-openjdk-amd64/bin/java
55e6d0fe4000-55e6d102a000 rw-p 00000000 00:00 0                          [heap]
7fa4b0302000-7fa4b0303000 ---p 00000000 00:00 0 
7fa4b0303000-7fa4b0570000 rw-p 00000000 00:00 0 
7fa4b0570000-7fa4f7840000 ---p 00000000 00:00 0 
7fa4f7840000-7fa4f8940000 rw-p 00000000 00:00 0 
7fa4f8940000-7fa4f8bb0000 rwxp 00000000 00:00 0 
7fa4f8bb0000-7fa4f9081000 ---p 00000000 00:00 0 
7fa4f9081000-7fa4f92f1000 rwxp 00000000 00:00 0 
7fa4f92f1000-7fa5004e0000 ---p 00000000 00:00 0 
7fa5004e0000-7fa500750000 rwxp 00000000 00:00 0 
7fa500750000-7fa507940000 ---p 00000000 00:00 0 
7fa507940000-7fa508145000 r--s 00000000 08:02 1441889                    /var/lib/sss/mc/passwd
7fa508145000-7fa510000000 r--s 00000000 08:02 3162764                    /usr/lib/jvm/java-17-openjdk-amd64/lib/modules
7fa510000000-7fa510056000 rw-p 00000000 00:00 0 
7fa510056000-7fa514000000 ---p 00000000 00:00 0 
7fa514037000-7fa51423e000 rw-p 00000000 00:00 0 
7fa51423e000-7fa514322000 ---p 00000000 00:00 0 
7fa514322000-7fa514327000 rw-p 00000000 00:00 0 
7fa514327000-7fa51440b000 ---p 00000000 00:00 0 
7fa51440b000-7fa514410000 rw-p 00000000 00:00 0 
7fa514410000-7fa51441a000 ---p 00000000 00:00 0 
7fa51441a000-7fa51441c000 r--s 0000c000 08:02 3277626                    /usr/share/java/java-atk-wrapper.jar
7fa51441c000-7fa51441e000 r--p 00000000 08:02 3162762                    /usr/lib/jvm/java-17-openjdk-amd64/lib/libzip.so
7fa51441e000-7fa514423000 r-xp 00002000 08:02 3162762                    /usr/lib/jvm/java-17-openjdk-amd64/lib/libzip.so
7fa514423000-7fa514425000 r--p 00007000 08:02 3162762                    /usr/lib/jvm/java-17-openjdk-amd64/lib/libzip.so
7fa514425000-7fa514426000 r--p 00008000 08:02 3162762                    /usr/lib/jvm/java-17-openjdk-amd64/lib/libzip.so
7fa514426000-7fa514427000 rw-p 00009000 08:02 3162762                    /usr/lib/jvm/java-17-openjdk-amd64/lib/libzip.so
7fa514427000-7fa514433000 r--p 00000000 08:02 3162720                    /usr/lib/jvm/java-17-openjdk-amd64/lib/libjava.so
7fa514433000-7fa514446000 r-xp 0000c000 08:02 3162720                    /usr/lib/jvm/java-17-openjdk-amd64/lib/libjava.so
7fa514446000-7fa51444c000 r--p 0001f000 08:02 3162720                    /usr/lib/jvm/java-17-openjdk-amd64/lib/libjava.so
7fa51444c000-7fa51444d000 ---p 00025000 08:02 3162720                    /usr/lib/jvm/java-17-openjdk-amd64/lib/libjava.so
7fa51444d000-7fa51444e000 r--p 00025000 08:02 3162720                    /usr/lib/jvm/java-17-openjdk-amd64/lib/libjava.so
7fa51444e000-7fa51444f000 rw-p 00026000 08:02 3162720                    /usr/lib/jvm/java-17-openjdk-amd64/lib/libjava.so
7fa51444f000-7fa514450000 rw-p 00000000 00:00 0 
7fa514450000-7fa514458000 rw-s 00000000 00:32 1270                       /tmp/hsperfdata_zjac295/114980
7fa514458000-7fa51445c000 ---p 00000000 00:00 0 
7fa51445c000-7fa514559000 rw-p 00000000 00:00 0 
7fa514559000-7fa51455c000 r--p 00000000 08:02 1179678                    /lib/x86_64-linux-gnu/libgcc_s.so.1
7fa51455c000-7fa51456e000 r-xp 00003000 08:02 1179678                    /lib/x86_64-linux-gnu/libgcc_s.so.1
7fa51456e000-7fa514572000 r--p 00015000 08:02 1179678                    /lib/x86_64-linux-gnu/libgcc_s.so.1
7fa514572000-7fa514573000 r--p 00018000 08:02 1179678                    /lib/x86_64-linux-gnu/libgcc_s.so.1
7fa514573000-7fa514574000 rw-p 00019000 08:02 1179678                    /lib/x86_64-linux-gnu/libgcc_s.so.1
7fa514574000-7fa514581000 r--p 00000000 08:02 1179893                    /lib/x86_64-linux-gnu/libm-2.31.so
7fa514581000-7fa514628000 r-xp 0000d000 08:02 1179893                    /lib/x86_64-linux-gnu/libm-2.31.so
7fa514628000-7fa5146c1000 r--p 000b4000 08:02 1179893                    /lib/x86_64-linux-gnu/libm-2.31.so
7fa5146c1000-7fa5146c2000 r--p 0014c000 08:02 1179893                    /lib/x86_64-linux-gnu/libm-2.31.so
7fa5146c2000-7fa5146c3000 rw-p 0014d000 08:02 1179893                    /lib/x86_64-linux-gnu/libm-2.31.so
7fa5146c3000-7fa514759000 r--p 00000000 08:02 1966572                    /usr/lib/x86_64-linux-gnu/libstdc++.so.6.0.28
7fa514759000-7fa51484a000 r-xp 00096000 08:02 1966572                    /usr/lib/x86_64-linux-gnu/libstdc++.so.6.0.28
7fa51484a000-7fa514893000 r--p 00187000 08:02 1966572                    /usr/lib/x86_64-linux-gnu/libstdc++.so.6.0.28
7fa514893000-7fa514894000 ---p 001d0000 08:02 1966572                    /usr/lib/x86_64-linux-gnu/libstdc++.so.6.0.28
7fa514894000-7fa51489f000 r--p 001d0000 08:02 1966572                    /usr/lib/x86_64-linux-gnu/libstdc++.so.6.0.28
7fa51489f000-7fa5148a2000 rw-p 001db000 08:02 1966572                    /usr/lib/x86_64-linux-gnu/libstdc++.so.6.0.28
7fa5148a2000-7fa5148a5000 rw-p 00000000 00:00 0 
7fa5148a5000-7fa514af5000 r--p 00000000 08:02 3162772                    /usr/lib/jvm/java-17-openjdk-amd64/lib/server/libjvm.so
7fa514af5000-7fa515882000 r-xp 00250000 08:02 3162772                    /usr/lib/jvm/java-17-openjdk-amd64/lib/server/libjvm.so
7fa515882000-7fa515b08000 r--p 00fdd000 08:02 3162772                    /usr/lib/jvm/java-17-openjdk-amd64/lib/server/libjvm.so
7fa515b08000-7fa515bc0000 r--p 01262000 08:02 3162772                    /usr/lib/jvm/java-17-openjdk-amd64/lib/server/libjvm.so
7fa515bc0000-7fa515bf5000 rw-p 0131a000 08:02 3162772                    /usr/lib/jvm/java-17-openjdk-amd64/lib/server/libjvm.so
7fa515bf5000-7fa515c50000 rw-p 00000000 00:00 0 
7fa515c50000-7fa515c56000 r--p 00000000 08:02 1180104                    /lib/x86_64-linux-gnu/libpthread-2.31.so
7fa515c56000-7fa515c67000 r-xp 00006000 08:02 1180104                    /lib/x86_64-linux-gnu/libpthread-2.31.so
7fa515c67000-7fa515c6d000 r--p 00017000 08:02 1180104                    /lib/x86_64-linux-gnu/libpthread-2.31.so
7fa515c6d000-7fa515c6e000 r--p 0001c000 08:02 1180104                    /lib/x86_64-linux-gnu/libpthread-2.31.so
7fa515c6e000-7fa515c6f000 rw-p 0001d000 08:02 1180104                    /lib/x86_64-linux-gnu/libpthread-2.31.so
7fa515c6f000-7fa515c73000 rw-p 00000000 00:00 0 
7fa515c73000-7fa515c74000 r--p 00000000 08:02 1179891                    /lib/x86_64-linux-gnu/libdl-2.31.so
7fa515c74000-7fa515c76000 r-xp 00001000 08:02 1179891                    /lib/x86_64-linux-gnu/libdl-2.31.so
7fa515c76000-7fa515c77000 r--p 00003000 08:02 1179891                    /lib/x86_64-linux-gnu/libdl-2.31.so
7fa515c77000-7fa515c78000 r--p 00003000 08:02 1179891                    /lib/x86_64-linux-gnu/libdl-2.31.so
7fa515c78000-7fa515c79000 rw-p 00004000 08:02 1179891                    /lib/x86_64-linux-gnu/libdl-2.31.so
7fa515c79000-7fa515c7b000 r--p 00000000 08:02 1180452                    /lib/x86_64-linux-gnu/libz.so.1.2.11
7fa515c7b000-7fa515c8c000 r-xp 00002000 08:02 1180452                    /lib/x86_64-linux-gnu/libz.so.1.2.11
7fa515c8c000-7fa515c92000 r--p 00013000 08:02 1180452                    /lib/x86_64-linux-gnu/libz.so.1.2.11
7fa515c92000-7fa515c93000 ---p 00019000 08:02 1180452                    /lib/x86_64-linux-gnu/libz.so.1.2.11
7fa515c93000-7fa515c94000 r--p 00019000 08:02 1180452                    /lib/x86_64-linux-gnu/libz.so.1.2.11
7fa515c94000-7fa515c95000 rw-p 0001a000 08:02 1180452                    /lib/x86_64-linux-gnu/libz.so.1.2.11
7fa515c95000-7fa515cb7000 r--p 00000000 08:02 1179886                    /lib/x86_64-linux-gnu/libc-2.31.so
7fa515cb7000-7fa515e2f000 r-xp 00022000 08:02 1179886                    /lib/x86_64-linux-gnu/libc-2.31.so
7fa515e2f000-7fa515e7d000 r--p 0019a000 08:02 1179886                    /lib/x86_64-linux-gnu/libc-2.31.so
7fa515e7d000-7fa515e81000 r--p 001e7000 08:02 1179886                    /lib/x86_64-linux-gnu/libc-2.31.so
7fa515e81000-7fa515e83000 rw-p 001eb000 08:02 1179886                    /lib/x86_64-linux-gnu/libc-2.31.so
7fa515e83000-7fa515e87000 rw-p 00000000 00:00 0 
7fa515e87000-7fa515e89000 r--p 00000000 08:02 1179931                    /lib/x86_64-linux-gnu/libnss_sss.so.2
7fa515e89000-7fa515e8f000 r-xp 00002000 08:02 1179931                    /lib/x86_64-linux-gnu/libnss_sss.so.2
7fa515e8f000-7fa515e91000 r--p 00008000 08:02 1179931                    /lib/x86_64-linux-gnu/libnss_sss.so.2
7fa515e91000-7fa515e92000 r--p 00009000 08:02 1179931                    /lib/x86_64-linux-gnu/libnss_sss.so.2
7fa515e92000-7fa515e93000 rw-p 0000a000 08:02 1179931                    /lib/x86_64-linux-gnu/libnss_sss.so.2
7fa515e93000-7fa515e95000 r--p 00000000 08:02 1179921                    /lib/x86_64-linux-gnu/libnss_compat-2.31.so
7fa515e95000-7fa515e9c000 r-xp 00002000 08:02 1179921                    /lib/x86_64-linux-gnu/libnss_compat-2.31.so
7fa515e9c000-7fa515e9d000 r--p 00009000 08:02 1179921                    /lib/x86_64-linux-gnu/libnss_compat-2.31.so
7fa515e9d000-7fa515e9e000 r--p 00009000 08:02 1179921                    /lib/x86_64-linux-gnu/libnss_compat-2.31.so
7fa515e9e000-7fa515e9f000 rw-p 0000a000 08:02 1179921                    /lib/x86_64-linux-gnu/libnss_compat-2.31.so
7fa515e9f000-7fa515ea0000 ---p 00000000 00:00 0 
7fa515ea0000-7fa515ea1000 r--p 00000000 00:00 0 
7fa515ea1000-7fa515ea3000 r--p 00000000 08:02 3162726                    /usr/lib/jvm/java-17-openjdk-amd64/lib/libjimage.so
7fa515ea3000-7fa515ea6000 r-xp 00002000 08:02 3162726                    /usr/lib/jvm/java-17-openjdk-amd64/lib/libjimage.so
7fa515ea6000-7fa515ea7000 r--p 00005000 08:02 3162726                    /usr/lib/jvm/java-17-openjdk-amd64/lib/libjimage.so
7fa515ea7000-7fa515ea8000 ---p 00006000 08:02 3162726                    /usr/lib/jvm/java-17-openjdk-amd64/lib/libjimage.so
7fa515ea8000-7fa515ea9000 r--p 00006000 08:02 3162726                    /usr/lib/jvm/java-17-openjdk-amd64/lib/libjimage.so
7fa515ea9000-7fa515eaa000 rw-p 00007000 08:02 3162726                    /usr/lib/jvm/java-17-openjdk-amd64/lib/libjimage.so
7fa515eaa000-7fa515eac000 r--p 00000000 08:02 3162728                    /usr/lib/jvm/java-17-openjdk-amd64/lib/libjli.so
7fa515eac000-7fa515eb6000 r-xp 00002000 08:02 3162728                    /usr/lib/jvm/java-17-openjdk-amd64/lib/libjli.so
7fa515eb6000-7fa515eb9000 r--p 0000c000 08:02 3162728                    /usr/lib/jvm/java-17-openjdk-amd64/lib/libjli.so
7fa515eb9000-7fa515eba000 ---p 0000f000 08:02 3162728                    /usr/lib/jvm/java-17-openjdk-amd64/lib/libjli.so
7fa515eba000-7fa515ebb000 r--p 0000f000 08:02 3162728                    /usr/lib/jvm/java-17-openjdk-amd64/lib/libjli.so
7fa515ebb000-7fa515ebc000 rw-p 00010000 08:02 3162728                    /usr/lib/jvm/java-17-openjdk-amd64/lib/libjli.so
7fa515ebc000-7fa515ebe000 rw-p 00000000 00:00 0 
7fa515ebe000-7fa515ebf000 r--p 00000000 08:02 1179853                    /lib/x86_64-linux-gnu/ld-2.31.so
7fa515ebf000-7fa515ee2000 r-xp 00001000 08:02 1179853                    /lib/x86_64-linux-gnu/ld-2.31.so
7fa515ee2000-7fa515eea000 r--p 00024000 08:02 1179853                    /lib/x86_64-linux-gnu/ld-2.31.so
7fa515eea000-7fa515eeb000 ---p 00000000 00:00 0 
7fa515eeb000-7fa515eec000 r--p 0002c000 08:02 1179853                    /lib/x86_64-linux-gnu/ld-2.31.so
7fa515eec000-7fa515eed000 rw-p 0002d000 08:02 1179853                    /lib/x86_64-linux-gnu/ld-2.31.so
7fa515eed000-7fa515eee000 rw-p 00000000 00:00 0 
7ffd465bb000-7ffd465dc000 rw-p 00000000 00:00 0                          [stack]
7ffd465dc000-7ffd465df000 r--p 00000000 00:00 0                          [vvar]
7ffd465df000-7ffd465e0000 r-xp 00000000 00:00 0                          [vdso]
ffffffffff600000-ffffffffff601000 --xp 00000000 00:00 0                  [vsyscall]


VM Arguments:
jvm_args: --module-path=/home/cim/ug/zjac295/.m2/repository/org/openjfx/javafx-base/13/javafx-base-13-linux.jar:/home/cim/ug/zjac295/.m2/repository/org/openjfx/javafx-base/13/javafx-base-13.jar:/home/cim/ug/zjac295/.m2/repository/org/openjfx/javafx-controls/13/javafx-controls-13-linux.jar:/home/cim/ug/zjac295/.m2/repository/org/openjfx/javafx-controls/13/javafx-controls-13.jar:/home/cim/ug/zjac295/.m2/repository/org/openjfx/javafx-fxml/13/javafx-fxml-13-linux.jar:/home/cim/ug/zjac295/.m2/repository/org/openjfx/javafx-fxml/13/javafx-fxml-13.jar:/home/cim/ug/zjac295/.m2/repository/org/openjfx/javafx-graphics/13/javafx-graphics-13-linux.jar:/home/cim/ug/zjac295/.m2/repository/org/openjfx/javafx-graphics/13/javafx-graphics-13.jar --add-modules=javafx.base,javafx.controls,javafx.fxml,javafx.graphics 
java_command: restaurant.Driver
java_class_path (initial): /home/cim/ug/zjac295/Desktop/team/PROJECT/target/classes:/home/cim/ug/zjac295/.m2/repository/org/checkerframework/checker-qual/3.5.0/checker-qual-3.5.0.jar:/home/cim/ug/zjac295/.m2/repository/org/postgresql/postgresql/42.5.1/postgresql-42.5.1.jar
Launcher Type: SUN_STANDARD

[Global flags]
     intx CICompilerCount                          = 12                                        {product} {ergonomic}
     uint ConcGCThreads                            = 5                                         {product} {ergonomic}
     uint G1ConcRefinementThreads                  = 18                                        {product} {ergonomic}
   size_t G1HeapRegionSize                         = 16777216                                  {product} {ergonomic}
    uintx GCDrainStackTargetSize                   = 64                                        {product} {ergonomic}
   size_t InitialHeapSize                          = 2147483648                                {product} {ergonomic}
   size_t MarkStackSize                            = 4194304                                   {product} {ergonomic}
   size_t MaxHeapSize                              = 32178700288                               {product} {ergonomic}
   size_t MinHeapDeltaBytes                        = 16777216                                  {product} {ergonomic}
   size_t MinHeapSize                              = 16777216                                  {product} {ergonomic}
    uintx NonNMethodCodeHeapSize                   = 7602480                                {pd product} {ergonomic}
    uintx NonProfiledCodeHeapSize                  = 122027880                              {pd product} {ergonomic}
    uintx ProfiledCodeHeapSize                     = 122027880                              {pd product} {ergonomic}
    uintx ReservedCodeCacheSize                    = 251658240                              {pd product} {ergonomic}
     bool SegmentedCodeCache                       = true                                      {product} {ergonomic}
   size_t SoftMaxHeapSize                          = 32178700288                            {manageable} {ergonomic}
     bool UseCompressedClassPointers               = true                           {product lp64_product} {ergonomic}
     bool UseCompressedOops                        = true                           {product lp64_product} {ergonomic}
     bool UseG1GC                                  = true                                      {product} {ergonomic}

Logging:
Log output configuration:
 #0: stdout all=warning uptime,level,tags
 #1: stderr all=off uptime,level,tags

Environment Variables:
CLASSPATH=.:/apps/jade/lib/jade.jar:/apps/share/java/rhulDrawing
PATH=/usr/local/sbin:/usr/local/bin:/usr/sbin:/usr/bin:/sbin:/bin:/home/cim/ug/zjac295/.dotnet/tools:/opt/puppetlabs/bin:/apps/x86_64Linux/blast/bin:/apps/x86_64Linux/hmmer:/apps/apache-jena/bin:/apps/pellet/bin:/opt/mpich/ch-p4/bin
USERNAME=zjac295
SHELL=/bin/bash
DISPLAY=:1005.0
LANG=en_GB.UTF-8

Signal Handlers:
   SIGSEGV: 0x00007fa515800d60 in libjvm.so+16104800, mask=11100100010111111101111111111110, flags=SA_RESTART|SA_SIGINFO
    SIGBUS: 0x00007fa515800d60 in libjvm.so+16104800, mask=11100100010111111101111111111110, flags=SA_RESTART|SA_SIGINFO
    SIGFPE: 0x00007fa515800d60 in libjvm.so+16104800, mask=11100100010111111101111111111110, flags=SA_RESTART|SA_SIGINFO
   SIGPIPE: 0x00007fa5156a2b30 in libjvm.so+14670640, mask=11100100010111111101111111111110, flags=SA_RESTART|SA_SIGINFO
   SIGXFSZ: 0x00007fa5156a2b30 in libjvm.so+14670640, mask=11100100010111111101111111111110, flags=SA_RESTART|SA_SIGINFO
    SIGILL: 0x00007fa515800d60 in libjvm.so+16104800, mask=11100100010111111101111111111110, flags=SA_RESTART|SA_SIGINFO
   SIGUSR2: 0x00007fa5156a21a0 in libjvm.so+14668192, mask=00100000000000000000000000000000, flags=SA_RESTART|SA_SIGINFO
    SIGHUP: SIG_DFL, mask=00000000000000000000000000000000, flags=none
    SIGINT: SIG_DFL, mask=00000000000000000000000000000000, flags=none
   SIGTERM: SIG_DFL, mask=00000000000000000000000000000000, flags=none
   SIGQUIT: 0x00007fa5156a2b30 in libjvm.so+14670640, mask=11100100010111111101111111111110, flags=SA_RESTART|SA_SIGINFO
   SIGTRAP: 0x00007fa515800d60 in libjvm.so+16104800, mask=11100100010111111101111111111110, flags=SA_RESTART|SA_SIGINFO


---------------  S Y S T E M  ---------------

OS:
DISTRIB_ID=Ubuntu
DISTRIB_RELEASE=20.04
DISTRIB_CODENAME=focal
DISTRIB_DESCRIPTION="Ubuntu 20.04.5 LTS"
uname: Linux 5.4.0-139-generic #156-Ubuntu SMP Fri Jan 20 17:27:18 UTC 2023 x86_64
OS uptime: 6 days 15:23 hours
libc: glibc 2.31 NPTL 2.31 
rlimit (soft/hard): STACK 8192k/300000k , CORE 0k/infinity , NPROC 800/1000 , NOFILE 1048576/1048576 , AS 67108864k/268435456k , CPU infinity/infinity , DATA infinity/infinity , FSIZE infinity/infinity , MEMLOCK 65536k/65536k
load average: 4.67 4.17 4.14

/proc/meminfo:
MemTotal:       198078776 kB
MemFree:        133627120 kB
MemAvailable:   165119020 kB
Buffers:         1101504 kB
Cached:         31115196 kB
SwapCached:            0 kB
Active:         41103692 kB
Inactive:       17753316 kB
Active(anon):   26680312 kB
Inactive(anon):  1923088 kB
Active(file):   14423380 kB
Inactive(file): 15830228 kB
Unevictable:        1824 kB
Mlocked:            1824 kB
SwapTotal:      31249404 kB
SwapFree:       31249404 kB
Dirty:               652 kB
Writeback:             0 kB
AnonPages:      26642168 kB
Mapped:          3374172 kB
Shmem:           2133068 kB
KReclaimable:    2691268 kB
Slab:            4165508 kB
SReclaimable:    2691268 kB
SUnreclaim:      1474240 kB
KernelStack:      139984 kB
PageTables:       300008 kB
NFS_Unstable:          0 kB
Bounce:                0 kB
WritebackTmp:          0 kB
CommitLimit:    130288792 kB
Committed_AS:   104320460 kB
VmallocTotal:   34359738367 kB
VmallocUsed:      384564 kB
VmallocChunk:          0 kB
Percpu:           153216 kB
HardwareCorrupted:     0 kB
AnonHugePages:         0 kB
ShmemHugePages:        0 kB
ShmemPmdMapped:        0 kB
FileHugePages:         0 kB
FilePmdMapped:         0 kB
CmaTotal:              0 kB
CmaFree:               0 kB
HugePages_Total:       0
HugePages_Free:        0
HugePages_Rsvd:        0
HugePages_Surp:        0
Hugepagesize:       2048 kB
Hugetlb:               0 kB
DirectMap4k:     2529152 kB
DirectMap2M:    47802368 kB
DirectMap1G:    153092096 kB

/sys/kernel/mm/transparent_hugepage/enabled: always [madvise] never
/sys/kernel/mm/transparent_hugepage/defrag (defrag/compaction efforts parameter): always defer defer+madvise [madvise] never

Process Memory:
Virtual Size: 33091732K (peak: 33091732K)
Resident Set Size: 16700K (peak: 16700K) (anon: 2896K, file: 13772K, shmem: 32K)
Swapped out: 0K
C-Heap outstanding allocations: 20453K, retained: 134K
glibc malloc tunables: (default)

/proc/sys/kernel/threads-max (system-wide limit on the number of threads): 1546984
/proc/sys/vm/max_map_count (maximum number of memory map areas a process may have): 65530
/proc/sys/kernel/pid_max (system-wide limit on number of process identifiers): 4194304

container (cgroup) information:
container_type: cgroupv1
cpu_cpuset_cpus: 0-23
cpu_memory_nodes: 0-1
active_processor_count: 24
cpu_quota: no quota
cpu_period: 100000
cpu_shares: no shares
memory_limit_in_bytes: unlimited
memory_and_swap_limit_in_bytes: not supported
memory_soft_limit_in_bytes: unlimited
memory_usage_in_bytes: 6283320 k
memory_max_usage_in_bytes: 6314532 k
maximum number of tasks: unlimited
current number of tasks: 737

VMWare virtualization detected
Steal ticks since vm start: 0
Steal ticks percentage since vm start:  0.000

CPU: total 24 (initial active 24) (1 cores per cpu, 1 threads per core) family 6 model 79 stepping 1 microcode 0xb00003a, cx8, cmov, fxsr, mmx, 3dnowpref, sse, sse2, sse3, ssse3, sse4.1, sse4.2, popcnt, lzcnt, tsc, tscinvbit, avx, avx2, aes, erms, clmul, bmi1, bmi2, adx, fma, vzeroupper, clflush, hv
CPU Model and flags from /proc/cpuinfo:
model name	: Intel(R) Xeon(R) CPU E5-2683 v4 @ 2.10GHz
flags		: fpu vme de pse tsc msr pae mce cx8 apic sep mtrr pge mca cmov pat pse36 clflush dts mmx fxsr sse sse2 ss syscall nx pdpe1gb rdtscp lm constant_tsc arch_perfmon pebs bts nopl xtopology tsc_reliable nonstop_tsc cpuid pni pclmulqdq ssse3 fma cx16 pcid sse4_1 sse4_2 x2apic movbe popcnt tsc_deadline_timer aes xsave avx f16c rdrand hypervisor lahf_lm abm 3dnowprefetch cpuid_fault invpcid_single pti ssbd ibrs ibpb stibp fsgsbase tsc_adjust bmi1 avx2 smep bmi2 invpcid rdseed adx smap xsaveopt arat md_clear flush_l1d arch_capabilities

Online cpus: 0-23
Offline cpus: 
BIOS frequency limitation: <Not Available>
Frequency switch latency (ns): <Not Available>
Available cpu frequencies: <Not Available>
Current governor: <Not Available>
Core performance/turbo boost: <Not Available>

Memory: 4k page, physical 198078776k(133627120k free), swap 31249404k(31249404k free)
Page Sizes: 4k

vm_info: OpenJDK 64-Bit Server VM (17.0.5+8-Ubuntu-2ubuntu120.04) for linux-amd64 JRE (17.0.5+8-Ubuntu-2ubuntu120.04), built on Oct 25 2022 13:05:40 by "buildd" with gcc 9.4.0

END.
