#
# There is insufficient memory for the Java Runtime Environment to continue.
# Cannot create worker GC thread. Out of system resources.
# Possible reasons:
#   The system is out of physical RAM or swap space
#   The process is running with CompressedOops enabled, and the Java Heap may be blocking the growth of the native heap
# Possible solutions:
#   Reduce memory load on the system
#   Increase physical memory or swap space
#   Check if swap backing store is full
#   Decrease Java heap size (-Xmx/-Xms)
#   Decrease number of Java threads
#   Decrease Java thread stack sizes (-Xss)
#   Set larger code cache with -XX:ReservedCodeCacheSize=
#   JVM is running with Zero Based Compressed Oops mode in which the Java heap is
#     placed in the first 32GB address space. The Java Heap base address is the
#     maximum limit for the native heap growth. Please use -XX:HeapBaseMinAddress
#     to set the Java Heap base and to place the Java Heap above 32GB virtual address.
# This output file may be truncated or incomplete.
#
#  Out of Memory Error (workerManager.hpp:87), pid=114495, tid=114496
#
# JRE version:  (17.0.5+8) (build )
# Java VM: OpenJDK 64-Bit Server VM (17.0.5+8-Ubuntu-2ubuntu120.04, mixed mode, sharing, tiered, compressed oops, compressed class ptrs, g1 gc, linux-amd64)
# Core dump will be written. Default location: Core dumps may be processed with "/usr/share/apport/apport -p%p -s%s -c%c -d%d -P%P -u%u -g%g -- %E" (or dumping to /home/cim/ug/zjac295/Desktop/team/PROJECT/core.114495)
#

---------------  S U M M A R Y ------------

Command Line: --module-path=/home/cim/ug/zjac295/.m2/repository/org/openjfx/javafx-base/13/javafx-base-13-linux.jar:/home/cim/ug/zjac295/.m2/repository/org/openjfx/javafx-base/13/javafx-base-13.jar:/home/cim/ug/zjac295/.m2/repository/org/openjfx/javafx-controls/13/javafx-controls-13-linux.jar:/home/cim/ug/zjac295/.m2/repository/org/openjfx/javafx-controls/13/javafx-controls-13.jar:/home/cim/ug/zjac295/.m2/repository/org/openjfx/javafx-fxml/13/javafx-fxml-13-linux.jar:/home/cim/ug/zjac295/.m2/repository/org/openjfx/javafx-fxml/13/javafx-fxml-13.jar:/home/cim/ug/zjac295/.m2/repository/org/openjfx/javafx-graphics/13/javafx-graphics-13-linux.jar:/home/cim/ug/zjac295/.m2/repository/org/openjfx/javafx-graphics/13/javafx-graphics-13.jar --add-modules=javafx.base,javafx.controls,javafx.fxml,javafx.graphics restaurant.Driver

Host: Intel(R) Xeon(R) CPU E5-2683 v4 @ 2.10GHz, 24 cores, 188G, Ubuntu 20.04.5 LTS
Time: Mon Feb 20 22:35:17 2023 GMT elapsed time: 0.073006 seconds (0d 0h 0m 0s)

---------------  T H R E A D  ---------------

Current thread (0x00007f63c8015c80):  JavaThread "Unknown thread" [_thread_in_vm, id=114496, stack(0x00007f63ce9ed000,0x00007f63ceaee000)]

Stack: [0x00007f63ce9ed000,0x00007f63ceaee000],  sp=0x00007f63ceaec6e0,  free space=1021k
Native frames: (J=compiled Java code, j=interpreted, Vv=VM code, C=native code)
V  [libjvm.so+0xf5b095]
V  [libjvm.so+0xf5bd41]
V  [libjvm.so+0x618e17]
V  [libjvm.so+0xf8f0f1]
V  [libjvm.so+0xf8f2cd]
V  [libjvm.so+0x702719]
V  [libjvm.so+0xf083f6]
V  [libjvm.so+0x81173b]
V  [libjvm.so+0xede5c6]
V  [libjvm.so+0x8db3d5]  JNI_CreateJavaVM+0x55
C  [libjli.so+0x3de1]
C  [libjli.so+0x82fd]


---------------  P R O C E S S  ---------------

Threads class SMR info:
_java_thread_list=0x00007f63d01d94a0, length=0, elements={
}

Java Threads: ( => current thread )

Other Threads:

[error occurred during error reporting (printing all threads), id 0xb, SIGSEGV (0xb) at pc=0x00007f63cf548494]

VM state: not at safepoint (not fully initialized)

VM Mutex/Monitor currently owned by a thread:  ([mutex/lock_event])
[0x00007f63c8011fd0] Heap_lock - owner thread: 0x00007f63c8015c80

Heap address: 0x0000000082000000, size: 30688 MB, Compressed Oops mode: Zero based, Oop shift amount: 3

CDS archive(s) mapped at: [0x0000000000000000-0x0000000000000000-0x0000000000000000), size 0, SharedBaseAddress: 0x0000000800000000, ArchiveRelocationMode: 0.
Narrow klass base: 0x0000000000000000, Narrow klass shift: 0, Narrow klass range: 0x0

GC Precious Log:
<Empty>

Heap:
 garbage-first heap   total 0K, used 0K [0x0000000082000000, 0x0000000800000000)
  region size 16384K, 0 young (0K), 0 survivors (0K)

[error occurred during error reporting (printing heap information), id 0xb, SIGSEGV (0xb) at pc=0x00007f63cfb1008e]

GC Heap History (0 events):
No events

Dll operation events (2 events):
Event: 0.012 Loaded shared library /usr/lib/jvm/java-17-openjdk-amd64/lib/libjava.so
Event: 0.013 Loaded shared library /usr/lib/jvm/java-17-openjdk-amd64/lib/libzip.so

Deoptimization events (0 events):
No events

Classes unloaded (0 events):
No events

Classes redefined (0 events):
No events

Internal exceptions (0 events):
No events

VM Operations (0 events):
No events

Events (1 events):
Event: 0.010 Protecting memory [0x00007f63ce9ed000,0x00007f63ce9f1000] with protection modes 0


Dynamic libraries:
82000000-800000000 ---p 00000000 00:00 0 
558d03fcb000-558d03fcc000 r--p 00000000 08:02 3162618                    /usr/lib/jvm/java-17-openjdk-amd64/bin/java
558d03fcc000-558d03fcd000 r-xp 00001000 08:02 3162618                    /usr/lib/jvm/java-17-openjdk-amd64/bin/java
558d03fcd000-558d03fce000 r--p 00002000 08:02 3162618                    /usr/lib/jvm/java-17-openjdk-amd64/bin/java
558d03fce000-558d03fcf000 r--p 00002000 08:02 3162618                    /usr/lib/jvm/java-17-openjdk-amd64/bin/java
558d03fcf000-558d03fd0000 rw-p 00003000 08:02 3162618                    /usr/lib/jvm/java-17-openjdk-amd64/bin/java
558d04442000-558d04488000 rw-p 00000000 00:00 0                          [heap]
7f6369e75000-7f63b1145000 ---p 00000000 00:00 0 
7f63b1145000-7f63b13b5000 rwxp 00000000 00:00 0 
7f63b13b5000-7f63b1886000 ---p 00000000 00:00 0 
7f63b1886000-7f63b1af6000 rwxp 00000000 00:00 0 
7f63b1af6000-7f63b8ce5000 ---p 00000000 00:00 0 
7f63b8ce5000-7f63b8f55000 rwxp 00000000 00:00 0 
7f63b8f55000-7f63c0145000 ---p 00000000 00:00 0 
7f63c0145000-7f63c8000000 r--s 00000000 08:02 3162764                    /usr/lib/jvm/java-17-openjdk-amd64/lib/modules
7f63c8000000-7f63c8056000 rw-p 00000000 00:00 0 
7f63c8056000-7f63cc000000 ---p 00000000 00:00 0 
7f63cca58000-7f63cca59000 ---p 00000000 00:00 0 
7f63cca59000-7f63cdfcd000 rw-p 00000000 00:00 0 
7f63cdfcd000-7f63ce0b1000 ---p 00000000 00:00 0 
7f63ce0b1000-7f63ce0b6000 rw-p 00000000 00:00 0 
7f63ce0b6000-7f63ce19a000 ---p 00000000 00:00 0 
7f63ce19a000-7f63ce19f000 rw-p 00000000 00:00 0 
7f63ce19f000-7f63ce1a9000 ---p 00000000 00:00 0 
7f63ce1a9000-7f63ce1ab000 r--s 0000c000 08:02 3277626                    /usr/share/java/java-atk-wrapper.jar
7f63ce1ab000-7f63ce1ad000 r--p 00000000 08:02 3162762                    /usr/lib/jvm/java-17-openjdk-amd64/lib/libzip.so
7f63ce1ad000-7f63ce1b2000 r-xp 00002000 08:02 3162762                    /usr/lib/jvm/java-17-openjdk-amd64/lib/libzip.so
7f63ce1b2000-7f63ce1b4000 r--p 00007000 08:02 3162762                    /usr/lib/jvm/java-17-openjdk-amd64/lib/libzip.so
7f63ce1b4000-7f63ce1b5000 r--p 00008000 08:02 3162762                    /usr/lib/jvm/java-17-openjdk-amd64/lib/libzip.so
7f63ce1b5000-7f63ce1b6000 rw-p 00009000 08:02 3162762                    /usr/lib/jvm/java-17-openjdk-amd64/lib/libzip.so
7f63ce1b6000-7f63ce1c2000 r--p 00000000 08:02 3162720                    /usr/lib/jvm/java-17-openjdk-amd64/lib/libjava.so
7f63ce1c2000-7f63ce1d5000 r-xp 0000c000 08:02 3162720                    /usr/lib/jvm/java-17-openjdk-amd64/lib/libjava.so
7f63ce1d5000-7f63ce1db000 r--p 0001f000 08:02 3162720                    /usr/lib/jvm/java-17-openjdk-amd64/lib/libjava.so
7f63ce1db000-7f63ce1dc000 ---p 00025000 08:02 3162720                    /usr/lib/jvm/java-17-openjdk-amd64/lib/libjava.so
7f63ce1dc000-7f63ce1dd000 r--p 00025000 08:02 3162720                    /usr/lib/jvm/java-17-openjdk-amd64/lib/libjava.so
7f63ce1dd000-7f63ce1de000 rw-p 00026000 08:02 3162720                    /usr/lib/jvm/java-17-openjdk-amd64/lib/libjava.so
7f63ce1de000-7f63ce1df000 rw-p 00000000 00:00 0 
7f63ce1df000-7f63ce1e7000 rw-s 00000000 00:32 1270                       /tmp/hsperfdata_zjac295/114495
7f63ce1e7000-7f63ce9ec000 r--s 00000000 08:02 1441889                    /var/lib/sss/mc/passwd
7f63ce9ed000-7f63ce9f1000 ---p 00000000 00:00 0 
7f63ce9f1000-7f63ceaee000 rw-p 00000000 00:00 0 
7f63ceaee000-7f63ceaf1000 r--p 00000000 08:02 1179678                    /lib/x86_64-linux-gnu/libgcc_s.so.1
7f63ceaf1000-7f63ceb03000 r-xp 00003000 08:02 1179678                    /lib/x86_64-linux-gnu/libgcc_s.so.1
7f63ceb03000-7f63ceb07000 r--p 00015000 08:02 1179678                    /lib/x86_64-linux-gnu/libgcc_s.so.1
7f63ceb07000-7f63ceb08000 r--p 00018000 08:02 1179678                    /lib/x86_64-linux-gnu/libgcc_s.so.1
7f63ceb08000-7f63ceb09000 rw-p 00019000 08:02 1179678                    /lib/x86_64-linux-gnu/libgcc_s.so.1
7f63ceb09000-7f63ceb16000 r--p 00000000 08:02 1179893                    /lib/x86_64-linux-gnu/libm-2.31.so
7f63ceb16000-7f63cebbd000 r-xp 0000d000 08:02 1179893                    /lib/x86_64-linux-gnu/libm-2.31.so
7f63cebbd000-7f63cec56000 r--p 000b4000 08:02 1179893                    /lib/x86_64-linux-gnu/libm-2.31.so
7f63cec56000-7f63cec57000 r--p 0014c000 08:02 1179893                    /lib/x86_64-linux-gnu/libm-2.31.so
7f63cec57000-7f63cec58000 rw-p 0014d000 08:02 1179893                    /lib/x86_64-linux-gnu/libm-2.31.so
7f63cec58000-7f63cecee000 r--p 00000000 08:02 1966572                    /usr/lib/x86_64-linux-gnu/libstdc++.so.6.0.28
7f63cecee000-7f63ceddf000 r-xp 00096000 08:02 1966572                    /usr/lib/x86_64-linux-gnu/libstdc++.so.6.0.28
7f63ceddf000-7f63cee28000 r--p 00187000 08:02 1966572                    /usr/lib/x86_64-linux-gnu/libstdc++.so.6.0.28
7f63cee28000-7f63cee29000 ---p 001d0000 08:02 1966572                    /usr/lib/x86_64-linux-gnu/libstdc++.so.6.0.28
7f63cee29000-7f63cee34000 r--p 001d0000 08:02 1966572                    /usr/lib/x86_64-linux-gnu/libstdc++.so.6.0.28
7f63cee34000-7f63cee37000 rw-p 001db000 08:02 1966572                    /usr/lib/x86_64-linux-gnu/libstdc++.so.6.0.28
7f63cee37000-7f63cee3a000 rw-p 00000000 00:00 0 
7f63cee3a000-7f63cf08a000 r--p 00000000 08:02 3162772                    /usr/lib/jvm/java-17-openjdk-amd64/lib/server/libjvm.so
7f63cf08a000-7f63cfe17000 r-xp 00250000 08:02 3162772                    /usr/lib/jvm/java-17-openjdk-amd64/lib/server/libjvm.so
7f63cfe17000-7f63d009d000 r--p 00fdd000 08:02 3162772                    /usr/lib/jvm/java-17-openjdk-amd64/lib/server/libjvm.so
7f63d009d000-7f63d0155000 r--p 01262000 08:02 3162772                    /usr/lib/jvm/java-17-openjdk-amd64/lib/server/libjvm.so
7f63d0155000-7f63d018a000 rw-p 0131a000 08:02 3162772                    /usr/lib/jvm/java-17-openjdk-amd64/lib/server/libjvm.so
7f63d018a000-7f63d01e5000 rw-p 00000000 00:00 0 
7f63d01e5000-7f63d01eb000 r--p 00000000 08:02 1180104                    /lib/x86_64-linux-gnu/libpthread-2.31.so
7f63d01eb000-7f63d01fc000 r-xp 00006000 08:02 1180104                    /lib/x86_64-linux-gnu/libpthread-2.31.so
7f63d01fc000-7f63d0202000 r--p 00017000 08:02 1180104                    /lib/x86_64-linux-gnu/libpthread-2.31.so
7f63d0202000-7f63d0203000 r--p 0001c000 08:02 1180104                    /lib/x86_64-linux-gnu/libpthread-2.31.so
7f63d0203000-7f63d0204000 rw-p 0001d000 08:02 1180104                    /lib/x86_64-linux-gnu/libpthread-2.31.so
7f63d0204000-7f63d0208000 rw-p 00000000 00:00 0 
7f63d0208000-7f63d0209000 r--p 00000000 08:02 1179891                    /lib/x86_64-linux-gnu/libdl-2.31.so
7f63d0209000-7f63d020b000 r-xp 00001000 08:02 1179891                    /lib/x86_64-linux-gnu/libdl-2.31.so
7f63d020b000-7f63d020c000 r--p 00003000 08:02 1179891                    /lib/x86_64-linux-gnu/libdl-2.31.so
7f63d020c000-7f63d020d000 r--p 00003000 08:02 1179891                    /lib/x86_64-linux-gnu/libdl-2.31.so
7f63d020d000-7f63d020e000 rw-p 00004000 08:02 1179891                    /lib/x86_64-linux-gnu/libdl-2.31.so
7f63d020e000-7f63d0210000 r--p 00000000 08:02 1180452                    /lib/x86_64-linux-gnu/libz.so.1.2.11
7f63d0210000-7f63d0221000 r-xp 00002000 08:02 1180452                    /lib/x86_64-linux-gnu/libz.so.1.2.11
7f63d0221000-7f63d0227000 r--p 00013000 08:02 1180452                    /lib/x86_64-linux-gnu/libz.so.1.2.11
7f63d0227000-7f63d0228000 ---p 00019000 08:02 1180452                    /lib/x86_64-linux-gnu/libz.so.1.2.11
7f63d0228000-7f63d0229000 r--p 00019000 08:02 1180452                    /lib/x86_64-linux-gnu/libz.so.1.2.11
7f63d0229000-7f63d022a000 rw-p 0001a000 08:02 1180452                    /lib/x86_64-linux-gnu/libz.so.1.2.11
7f63d022a000-7f63d024c000 r--p 00000000 08:02 1179886                    /lib/x86_64-linux-gnu/libc-2.31.so
7f63d024c000-7f63d03c4000 r-xp 00022000 08:02 1179886                    /lib/x86_64-linux-gnu/libc-2.31.so
7f63d03c4000-7f63d0412000 r--p 0019a000 08:02 1179886                    /lib/x86_64-linux-gnu/libc-2.31.so
7f63d0412000-7f63d0416000 r--p 001e7000 08:02 1179886                    /lib/x86_64-linux-gnu/libc-2.31.so
7f63d0416000-7f63d0418000 rw-p 001eb000 08:02 1179886                    /lib/x86_64-linux-gnu/libc-2.31.so
7f63d0418000-7f63d041c000 rw-p 00000000 00:00 0 
7f63d041c000-7f63d041e000 r--p 00000000 08:02 1179931                    /lib/x86_64-linux-gnu/libnss_sss.so.2
7f63d041e000-7f63d0424000 r-xp 00002000 08:02 1179931                    /lib/x86_64-linux-gnu/libnss_sss.so.2
7f63d0424000-7f63d0426000 r--p 00008000 08:02 1179931                    /lib/x86_64-linux-gnu/libnss_sss.so.2
7f63d0426000-7f63d0427000 r--p 00009000 08:02 1179931                    /lib/x86_64-linux-gnu/libnss_sss.so.2
7f63d0427000-7f63d0428000 rw-p 0000a000 08:02 1179931                    /lib/x86_64-linux-gnu/libnss_sss.so.2
7f63d0428000-7f63d042a000 r--p 00000000 08:02 1179921                    /lib/x86_64-linux-gnu/libnss_compat-2.31.so
7f63d042a000-7f63d0431000 r-xp 00002000 08:02 1179921                    /lib/x86_64-linux-gnu/libnss_compat-2.31.so
7f63d0431000-7f63d0432000 r--p 00009000 08:02 1179921                    /lib/x86_64-linux-gnu/libnss_compat-2.31.so
7f63d0432000-7f63d0433000 r--p 00009000 08:02 1179921                    /lib/x86_64-linux-gnu/libnss_compat-2.31.so
7f63d0433000-7f63d0434000 rw-p 0000a000 08:02 1179921                    /lib/x86_64-linux-gnu/libnss_compat-2.31.so
7f63d0434000-7f63d0435000 ---p 00000000 00:00 0 
7f63d0435000-7f63d0436000 r--p 00000000 00:00 0 
7f63d0436000-7f63d0438000 r--p 00000000 08:02 3162726                    /usr/lib/jvm/java-17-openjdk-amd64/lib/libjimage.so
7f63d0438000-7f63d043b000 r-xp 00002000 08:02 3162726                    /usr/lib/jvm/java-17-openjdk-amd64/lib/libjimage.so
7f63d043b000-7f63d043c000 r--p 00005000 08:02 3162726                    /usr/lib/jvm/java-17-openjdk-amd64/lib/libjimage.so
7f63d043c000-7f63d043d000 ---p 00006000 08:02 3162726                    /usr/lib/jvm/java-17-openjdk-amd64/lib/libjimage.so
7f63d043d000-7f63d043e000 r--p 00006000 08:02 3162726                    /usr/lib/jvm/java-17-openjdk-amd64/lib/libjimage.so
7f63d043e000-7f63d043f000 rw-p 00007000 08:02 3162726                    /usr/lib/jvm/java-17-openjdk-amd64/lib/libjimage.so
7f63d043f000-7f63d0441000 r--p 00000000 08:02 3162728                    /usr/lib/jvm/java-17-openjdk-amd64/lib/libjli.so
7f63d0441000-7f63d044b000 r-xp 00002000 08:02 3162728                    /usr/lib/jvm/java-17-openjdk-amd64/lib/libjli.so
7f63d044b000-7f63d044e000 r--p 0000c000 08:02 3162728                    /usr/lib/jvm/java-17-openjdk-amd64/lib/libjli.so
7f63d044e000-7f63d044f000 ---p 0000f000 08:02 3162728                    /usr/lib/jvm/java-17-openjdk-amd64/lib/libjli.so
7f63d044f000-7f63d0450000 r--p 0000f000 08:02 3162728                    /usr/lib/jvm/java-17-openjdk-amd64/lib/libjli.so
7f63d0450000-7f63d0451000 rw-p 00010000 08:02 3162728                    /usr/lib/jvm/java-17-openjdk-amd64/lib/libjli.so
7f63d0451000-7f63d0453000 rw-p 00000000 00:00 0 
7f63d0453000-7f63d0454000 r--p 00000000 08:02 1179853                    /lib/x86_64-linux-gnu/ld-2.31.so
7f63d0454000-7f63d0477000 r-xp 00001000 08:02 1179853                    /lib/x86_64-linux-gnu/ld-2.31.so
7f63d0477000-7f63d047f000 r--p 00024000 08:02 1179853                    /lib/x86_64-linux-gnu/ld-2.31.so
7f63d047f000-7f63d0480000 ---p 00000000 00:00 0 
7f63d0480000-7f63d0481000 r--p 0002c000 08:02 1179853                    /lib/x86_64-linux-gnu/ld-2.31.so
7f63d0481000-7f63d0482000 rw-p 0002d000 08:02 1179853                    /lib/x86_64-linux-gnu/ld-2.31.so
7f63d0482000-7f63d0483000 rw-p 00000000 00:00 0 
7fffac647000-7fffac668000 rw-p 00000000 00:00 0                          [stack]
7fffac746000-7fffac749000 r--p 00000000 00:00 0                          [vvar]
7fffac749000-7fffac74a000 r-xp 00000000 00:00 0                          [vdso]
ffffffffff600000-ffffffffff601000 --xp 00000000 00:00 0                  [vsyscall]


VM Arguments:
jvm_args: --module-path=/home/cim/ug/zjac295/.m2/repository/org/openjfx/javafx-base/13/javafx-base-13-linux.jar:/home/cim/ug/zjac295/.m2/repository/org/openjfx/javafx-base/13/javafx-base-13.jar:/home/cim/ug/zjac295/.m2/repository/org/openjfx/javafx-controls/13/javafx-controls-13-linux.jar:/home/cim/ug/zjac295/.m2/repository/org/openjfx/javafx-controls/13/javafx-controls-13.jar:/home/cim/ug/zjac295/.m2/repository/org/openjfx/javafx-fxml/13/javafx-fxml-13-linux.jar:/home/cim/ug/zjac295/.m2/repository/org/openjfx/javafx-fxml/13/javafx-fxml-13.jar:/home/cim/ug/zjac295/.m2/repository/org/openjfx/javafx-graphics/13/javafx-graphics-13-linux.jar:/home/cim/ug/zjac295/.m2/repository/org/openjfx/javafx-graphics/13/javafx-graphics-13.jar --add-modules=javafx.base,javafx.controls,javafx.fxml,javafx.graphics 
java_command: restaurant.Driver
java_class_path (initial): /home/cim/ug/zjac295/Desktop/team/PROJECT/target/classes:/home/cim/ug/zjac295/.m2/repository/org/checkerframework/checker-qual/3.5.0/checker-qual-3.5.0.jar:/home/cim/ug/zjac295/.m2/repository/org/postgresql/postgresql/42.5.1/postgresql-42.5.1.jar
Launcher Type: SUN_STANDARD

[Global flags]
     intx CICompilerCount                          = 12                                        {product} {ergonomic}
     uint ConcGCThreads                            = 5                                         {product} {ergonomic}
     uint G1ConcRefinementThreads                  = 18                                        {product} {ergonomic}
   size_t G1HeapRegionSize                         = 16777216                                  {product} {ergonomic}
    uintx GCDrainStackTargetSize                   = 64                                        {product} {ergonomic}
   size_t InitialHeapSize                          = 2147483648                                {product} {ergonomic}
   size_t MarkStackSize                            = 4194304                                   {product} {ergonomic}
   size_t MaxHeapSize                              = 32178700288                               {product} {ergonomic}
   size_t MinHeapDeltaBytes                        = 16777216                                  {product} {ergonomic}
   size_t MinHeapSize                              = 16777216                                  {product} {ergonomic}
    uintx NonNMethodCodeHeapSize                   = 7602480                                {pd product} {ergonomic}
    uintx NonProfiledCodeHeapSize                  = 122027880                              {pd product} {ergonomic}
    uintx ProfiledCodeHeapSize                     = 122027880                              {pd product} {ergonomic}
    uintx ReservedCodeCacheSize                    = 251658240                              {pd product} {ergonomic}
     bool SegmentedCodeCache                       = true                                      {product} {ergonomic}
   size_t SoftMaxHeapSize                          = 32178700288                            {manageable} {ergonomic}
     bool UseCompressedClassPointers               = true                           {product lp64_product} {ergonomic}
     bool UseCompressedOops                        = true                           {product lp64_product} {ergonomic}
     bool UseG1GC                                  = true                                      {product} {ergonomic}

Logging:
Log output configuration:
 #0: stdout all=warning uptime,level,tags
 #1: stderr all=off uptime,level,tags

Environment Variables:
CLASSPATH=.:/apps/jade/lib/jade.jar:/apps/share/java/rhulDrawing
PATH=/usr/local/sbin:/usr/local/bin:/usr/sbin:/usr/bin:/sbin:/bin:/home/cim/ug/zjac295/.dotnet/tools:/opt/puppetlabs/bin:/apps/x86_64Linux/blast/bin:/apps/x86_64Linux/hmmer:/apps/apache-jena/bin:/apps/pellet/bin:/opt/mpich/ch-p4/bin
USERNAME=zjac295
SHELL=/bin/bash
DISPLAY=:1005.0
LANG=en_GB.UTF-8

Signal Handlers:
   SIGSEGV: 0x00007f63cfd95d60 in libjvm.so+16104800, mask=11100100010111111101111111111110, flags=SA_RESTART|SA_SIGINFO
    SIGBUS: 0x00007f63cfd95d60 in libjvm.so+16104800, mask=11100100010111111101111111111110, flags=SA_RESTART|SA_SIGINFO
    SIGFPE: 0x00007f63cfd95d60 in libjvm.so+16104800, mask=11100100010111111101111111111110, flags=SA_RESTART|SA_SIGINFO
   SIGPIPE: 0x00007f63cfc37b30 in libjvm.so+14670640, mask=11100100010111111101111111111110, flags=SA_RESTART|SA_SIGINFO
   SIGXFSZ: 0x00007f63cfc37b30 in libjvm.so+14670640, mask=11100100010111111101111111111110, flags=SA_RESTART|SA_SIGINFO
    SIGILL: 0x00007f63cfd95d60 in libjvm.so+16104800, mask=11100100010111111101111111111110, flags=SA_RESTART|SA_SIGINFO
   SIGUSR2: 0x00007f63cfc371a0 in libjvm.so+14668192, mask=00100000000000000000000000000000, flags=SA_RESTART|SA_SIGINFO
    SIGHUP: SIG_DFL, mask=00000000000000000000000000000000, flags=none
    SIGINT: SIG_DFL, mask=00000000000000000000000000000000, flags=none
   SIGTERM: SIG_DFL, mask=00000000000000000000000000000000, flags=none
   SIGQUIT: 0x00007f63cfc37b30 in libjvm.so+14670640, mask=11100100010111111101111111111110, flags=SA_RESTART|SA_SIGINFO
   SIGTRAP: 0x00007f63cfd95d60 in libjvm.so+16104800, mask=11100100010111111101111111111110, flags=SA_RESTART|SA_SIGINFO


---------------  S Y S T E M  ---------------

OS:
DISTRIB_ID=Ubuntu
DISTRIB_RELEASE=20.04
DISTRIB_CODENAME=focal
DISTRIB_DESCRIPTION="Ubuntu 20.04.5 LTS"
uname: Linux 5.4.0-139-generic #156-Ubuntu SMP Fri Jan 20 17:27:18 UTC 2023 x86_64
OS uptime: 6 days 15:23 hours
libc: glibc 2.31 NPTL 2.31 
rlimit (soft/hard): STACK 8192k/300000k , CORE 0k/infinity , NPROC 800/1000 , NOFILE 1048576/1048576 , AS 67108864k/268435456k , CPU infinity/infinity , DATA infinity/infinity , FSIZE infinity/infinity , MEMLOCK 65536k/65536k
load average: 4.63 4.14 4.13

/proc/meminfo:
MemTotal:       198078776 kB
MemFree:        133821736 kB
MemAvailable:   165314240 kB
Buffers:         1101504 kB
Cached:         31116092 kB
SwapCached:            0 kB
Active:         40904128 kB
Inactive:       17754196 kB
Active(anon):   26480756 kB
Inactive(anon):  1924064 kB
Active(file):   14423372 kB
Inactive(file): 15830132 kB
Unevictable:        1824 kB
Mlocked:            1824 kB
SwapTotal:      31249404 kB
SwapFree:       31249404 kB
Dirty:               644 kB
Writeback:             0 kB
AnonPages:      26433120 kB
Mapped:          3375144 kB
Shmem:           2134044 kB
KReclaimable:    2691532 kB
Slab:            4165612 kB
SReclaimable:    2691532 kB
SUnreclaim:      1474080 kB
KernelStack:      139504 kB
PageTables:       299996 kB
NFS_Unstable:          0 kB
Bounce:                0 kB
WritebackTmp:          0 kB
CommitLimit:    130288792 kB
Committed_AS:   104277972 kB
VmallocTotal:   34359738367 kB
VmallocUsed:      384052 kB
VmallocChunk:          0 kB
Percpu:           153216 kB
HardwareCorrupted:     0 kB
AnonHugePages:         0 kB
ShmemHugePages:        0 kB
ShmemPmdMapped:        0 kB
FileHugePages:         0 kB
FilePmdMapped:         0 kB
CmaTotal:              0 kB
CmaFree:               0 kB
HugePages_Total:       0
HugePages_Free:        0
HugePages_Rsvd:        0
HugePages_Surp:        0
Hugepagesize:       2048 kB
Hugetlb:               0 kB
DirectMap4k:     2529152 kB
DirectMap2M:    47802368 kB
DirectMap1G:    153092096 kB

/sys/kernel/mm/transparent_hugepage/enabled: always [madvise] never
/sys/kernel/mm/transparent_hugepage/defrag (defrag/compaction efforts parameter): always defer defer+madvise [madvise] never

Process Memory:
Virtual Size: 33091732K (peak: 33091732K)
Resident Set Size: 16436K (peak: 16436K) (anon: 2920K, file: 13484K, shmem: 32K)
Swapped out: 0K
C-Heap outstanding allocations: 20453K, retained: 134K
glibc malloc tunables: (default)

/proc/sys/kernel/threads-max (system-wide limit on the number of threads): 1546984
/proc/sys/vm/max_map_count (maximum number of memory map areas a process may have): 65530
/proc/sys/kernel/pid_max (system-wide limit on number of process identifiers): 4194304

container (cgroup) information:
container_type: cgroupv1
cpu_cpuset_cpus: 0-23
cpu_memory_nodes: 0-1
active_processor_count: 24
cpu_quota: no quota
cpu_period: 100000
cpu_shares: no shares
memory_limit_in_bytes: unlimited
memory_and_swap_limit_in_bytes: not supported
memory_soft_limit_in_bytes: unlimited
memory_usage_in_bytes: 6071204 k
memory_max_usage_in_bytes: 6314532 k
maximum number of tasks: unlimited
current number of tasks: 698

VMWare virtualization detected
Steal ticks since vm start: 0
Steal ticks percentage since vm start:  0.000

CPU: total 24 (initial active 24) (1 cores per cpu, 1 threads per core) family 6 model 79 stepping 1 microcode 0xb00003a, cx8, cmov, fxsr, mmx, 3dnowpref, sse, sse2, sse3, ssse3, sse4.1, sse4.2, popcnt, lzcnt, tsc, tscinvbit, avx, avx2, aes, erms, clmul, bmi1, bmi2, adx, fma, vzeroupper, clflush, hv
CPU Model and flags from /proc/cpuinfo:
model name	: Intel(R) Xeon(R) CPU E5-2683 v4 @ 2.10GHz
flags		: fpu vme de pse tsc msr pae mce cx8 apic sep mtrr pge mca cmov pat pse36 clflush dts mmx fxsr sse sse2 ss syscall nx pdpe1gb rdtscp lm constant_tsc arch_perfmon pebs bts nopl xtopology tsc_reliable nonstop_tsc cpuid pni pclmulqdq ssse3 fma cx16 pcid sse4_1 sse4_2 x2apic movbe popcnt tsc_deadline_timer aes xsave avx f16c rdrand hypervisor lahf_lm abm 3dnowprefetch cpuid_fault invpcid_single pti ssbd ibrs ibpb stibp fsgsbase tsc_adjust bmi1 avx2 smep bmi2 invpcid rdseed adx smap xsaveopt arat md_clear flush_l1d arch_capabilities

Online cpus: 0-23
Offline cpus: 
BIOS frequency limitation: <Not Available>
Frequency switch latency (ns): <Not Available>
Available cpu frequencies: <Not Available>
Current governor: <Not Available>
Core performance/turbo boost: <Not Available>

Memory: 4k page, physical 198078776k(133832900k free), swap 31249404k(31249404k free)
Page Sizes: 4k

vm_info: OpenJDK 64-Bit Server VM (17.0.5+8-Ubuntu-2ubuntu120.04) for linux-amd64 JRE (17.0.5+8-Ubuntu-2ubuntu120.04), built on Oct 25 2022 13:05:40 by "buildd" with gcc 9.4.0

END.
