#
# There is insufficient memory for the Java Runtime Environment to continue.
# Cannot create worker GC thread. Out of system resources.
# Possible reasons:
#   The system is out of physical RAM or swap space
#   The process is running with CompressedOops enabled, and the Java Heap may be blocking the growth of the native heap
# Possible solutions:
#   Reduce memory load on the system
#   Increase physical memory or swap space
#   Check if swap backing store is full
#   Decrease Java heap size (-Xmx/-Xms)
#   Decrease number of Java threads
#   Decrease Java thread stack sizes (-Xss)
#   Set larger code cache with -XX:ReservedCodeCacheSize=
#   JVM is running with Zero Based Compressed Oops mode in which the Java heap is
#     placed in the first 32GB address space. The Java Heap base address is the
#     maximum limit for the native heap growth. Please use -XX:HeapBaseMinAddress
#     to set the Java Heap base and to place the Java Heap above 32GB virtual address.
# This output file may be truncated or incomplete.
#
#  Out of Memory Error (workerManager.hpp:87), pid=1362007, tid=1362008
#
# JRE version:  (17.0.5+8) (build )
# Java VM: OpenJDK 64-Bit Server VM (17.0.5+8-Ubuntu-2ubuntu120.04, mixed mode, sharing, tiered, compressed oops, compressed class ptrs, g1 gc, linux-amd64)
# Core dump will be written. Default location: Core dumps may be processed with "/usr/share/apport/apport -p%p -s%s -c%c -d%d -P%P -u%u -g%g -- %E" (or dumping to /home/cim/ug/zkac355/Documents/Year2/2810/gitrepros/PROJECT/core.1362007)
#

---------------  S U M M A R Y ------------

Command Line: --module-path=/home/cim/ug/zkac355/.m2/repository/org/openjfx/javafx-base/13/javafx-base-13-linux.jar:/home/cim/ug/zkac355/.m2/repository/org/openjfx/javafx-base/13/javafx-base-13.jar:/home/cim/ug/zkac355/.m2/repository/org/openjfx/javafx-controls/13/javafx-controls-13-linux.jar:/home/cim/ug/zkac355/.m2/repository/org/openjfx/javafx-controls/13/javafx-controls-13.jar:/home/cim/ug/zkac355/.m2/repository/org/openjfx/javafx-fxml/13/javafx-fxml-13-linux.jar:/home/cim/ug/zkac355/.m2/repository/org/openjfx/javafx-fxml/13/javafx-fxml-13.jar:/home/cim/ug/zkac355/.m2/repository/org/openjfx/javafx-graphics/13/javafx-graphics-13-linux.jar:/home/cim/ug/zkac355/.m2/repository/org/openjfx/javafx-graphics/13/javafx-graphics-13.jar --add-modules=javafx.base,javafx.controls,javafx.fxml,javafx.graphics restaurant.Driver

Host: Intel(R) Xeon(R) CPU E5-2683 v4 @ 2.10GHz, 24 cores, 188G, Ubuntu 20.04.5 LTS
Time: Thu Jan 26 19:49:46 2023 GMT elapsed time: 0.017832 seconds (0d 0h 0m 0s)

---------------  T H R E A D  ---------------

Current thread (0x00007f2438015be0):  JavaThread "Unknown thread" [_thread_in_vm, id=1362008, stack(0x00007f243f343000,0x00007f243f444000)]

Stack: [0x00007f243f343000,0x00007f243f444000],  sp=0x00007f243f4426e0,  free space=1021k
Native frames: (J=compiled Java code, j=interpreted, Vv=VM code, C=native code)
V  [libjvm.so+0xf5b095]
V  [libjvm.so+0xf5bd41]
V  [libjvm.so+0x618e17]
V  [libjvm.so+0xf8f0f1]
V  [libjvm.so+0xf8f2cd]
V  [libjvm.so+0x702719]
V  [libjvm.so+0xf083f6]
V  [libjvm.so+0x81173b]
V  [libjvm.so+0xede5c6]
V  [libjvm.so+0x8db3d5]  JNI_CreateJavaVM+0x55
C  [libjli.so+0x3de1]
C  [libjli.so+0x82fd]


---------------  P R O C E S S  ---------------

Threads class SMR info:
_java_thread_list=0x00007f2440b2f4a0, length=0, elements={
}

Java Threads: ( => current thread )

Other Threads:

[error occurred during error reporting (printing all threads), id 0xb, SIGSEGV (0xb) at pc=0x00007f243fe9e494]

VM state: not at safepoint (not fully initialized)

VM Mutex/Monitor currently owned by a thread:  ([mutex/lock_event])
[0x00007f2438011f30] Heap_lock - owner thread: 0x00007f2438015be0

Heap address: 0x0000000082000000, size: 30688 MB, Compressed Oops mode: Zero based, Oop shift amount: 3

CDS archive(s) mapped at: [0x0000000000000000-0x0000000000000000-0x0000000000000000), size 0, SharedBaseAddress: 0x0000000800000000, ArchiveRelocationMode: 0.
Narrow klass base: 0x0000000000000000, Narrow klass shift: 0, Narrow klass range: 0x0

GC Precious Log:
<Empty>

Heap:
 garbage-first heap   total 0K, used 0K [0x0000000082000000, 0x0000000800000000)
  region size 16384K, 0 young (0K), 0 survivors (0K)

[error occurred during error reporting (printing heap information), id 0xb, SIGSEGV (0xb) at pc=0x00007f244046608e]

GC Heap History (0 events):
No events

Dll operation events (2 events):
Event: 0.008 Loaded shared library /usr/lib/jvm/java-17-openjdk-amd64/lib/libjava.so
Event: 0.009 Loaded shared library /usr/lib/jvm/java-17-openjdk-amd64/lib/libzip.so

Deoptimization events (0 events):
No events

Classes unloaded (0 events):
No events

Classes redefined (0 events):
No events

Internal exceptions (0 events):
No events

VM Operations (0 events):
No events

Events (1 events):
Event: 0.008 Protecting memory [0x00007f243f343000,0x00007f243f347000] with protection modes 0


Dynamic libraries:
82000000-800000000 ---p 00000000 00:00 0 
555fc141c000-555fc141d000 r--p 00000000 08:02 3149233                    /usr/lib/jvm/java-17-openjdk-amd64/bin/java
555fc141d000-555fc141e000 r-xp 00001000 08:02 3149233                    /usr/lib/jvm/java-17-openjdk-amd64/bin/java
555fc141e000-555fc141f000 r--p 00002000 08:02 3149233                    /usr/lib/jvm/java-17-openjdk-amd64/bin/java
555fc141f000-555fc1420000 r--p 00002000 08:02 3149233                    /usr/lib/jvm/java-17-openjdk-amd64/bin/java
555fc1420000-555fc1421000 rw-p 00003000 08:02 3149233                    /usr/lib/jvm/java-17-openjdk-amd64/bin/java
555fc2a7a000-555fc2ac0000 rw-p 00000000 00:00 0                          [heap]
7f23d9e75000-7f2421145000 ---p 00000000 00:00 0 
7f2421145000-7f24213b5000 rwxp 00000000 00:00 0 
7f24213b5000-7f2421886000 ---p 00000000 00:00 0 
7f2421886000-7f2421af6000 rwxp 00000000 00:00 0 
7f2421af6000-7f2428ce5000 ---p 00000000 00:00 0 
7f2428ce5000-7f2428f55000 rwxp 00000000 00:00 0 
7f2428f55000-7f2430145000 ---p 00000000 00:00 0 
7f2430145000-7f2438000000 r--s 00000000 08:02 3149622                    /usr/lib/jvm/java-17-openjdk-amd64/lib/modules
7f2438000000-7f2438056000 rw-p 00000000 00:00 0 
7f2438056000-7f243c000000 ---p 00000000 00:00 0 
7f243d3ae000-7f243d3af000 ---p 00000000 00:00 0 
7f243d3af000-7f243e923000 rw-p 00000000 00:00 0 
7f243e923000-7f243ea07000 ---p 00000000 00:00 0 
7f243ea07000-7f243ea0c000 rw-p 00000000 00:00 0 
7f243ea0c000-7f243eaf0000 ---p 00000000 00:00 0 
7f243eaf0000-7f243eaf5000 rw-p 00000000 00:00 0 
7f243eaf5000-7f243eaff000 ---p 00000000 00:00 0 
7f243eaff000-7f243eb01000 r--s 0000c000 08:02 3277179                    /usr/share/java/java-atk-wrapper.jar
7f243eb01000-7f243eb03000 r--p 00000000 08:02 3149620                    /usr/lib/jvm/java-17-openjdk-amd64/lib/libzip.so
7f243eb03000-7f243eb08000 r-xp 00002000 08:02 3149620                    /usr/lib/jvm/java-17-openjdk-amd64/lib/libzip.so
7f243eb08000-7f243eb0a000 r--p 00007000 08:02 3149620                    /usr/lib/jvm/java-17-openjdk-amd64/lib/libzip.so
7f243eb0a000-7f243eb0b000 r--p 00008000 08:02 3149620                    /usr/lib/jvm/java-17-openjdk-amd64/lib/libzip.so
7f243eb0b000-7f243eb0c000 rw-p 00009000 08:02 3149620                    /usr/lib/jvm/java-17-openjdk-amd64/lib/libzip.so
7f243eb0c000-7f243eb18000 r--p 00000000 08:02 3149479                    /usr/lib/jvm/java-17-openjdk-amd64/lib/libjava.so
7f243eb18000-7f243eb2b000 r-xp 0000c000 08:02 3149479                    /usr/lib/jvm/java-17-openjdk-amd64/lib/libjava.so
7f243eb2b000-7f243eb31000 r--p 0001f000 08:02 3149479                    /usr/lib/jvm/java-17-openjdk-amd64/lib/libjava.so
7f243eb31000-7f243eb32000 ---p 00025000 08:02 3149479                    /usr/lib/jvm/java-17-openjdk-amd64/lib/libjava.so
7f243eb32000-7f243eb33000 r--p 00025000 08:02 3149479                    /usr/lib/jvm/java-17-openjdk-amd64/lib/libjava.so
7f243eb33000-7f243eb34000 rw-p 00026000 08:02 3149479                    /usr/lib/jvm/java-17-openjdk-amd64/lib/libjava.so
7f243eb34000-7f243eb35000 rw-p 00000000 00:00 0 
7f243eb35000-7f243eb3d000 rw-s 00000000 00:32 850                        /tmp/hsperfdata_zkac355/1362007
7f243eb3d000-7f243f342000 r--s 00000000 08:02 1441853                    /var/lib/sss/mc/passwd
7f243f343000-7f243f347000 ---p 00000000 00:00 0 
7f243f347000-7f243f444000 rw-p 00000000 00:00 0 
7f243f444000-7f243f447000 r--p 00000000 08:02 1179683                    /lib/x86_64-linux-gnu/libgcc_s.so.1
7f243f447000-7f243f459000 r-xp 00003000 08:02 1179683                    /lib/x86_64-linux-gnu/libgcc_s.so.1
7f243f459000-7f243f45d000 r--p 00015000 08:02 1179683                    /lib/x86_64-linux-gnu/libgcc_s.so.1
7f243f45d000-7f243f45e000 r--p 00018000 08:02 1179683                    /lib/x86_64-linux-gnu/libgcc_s.so.1
7f243f45e000-7f243f45f000 rw-p 00019000 08:02 1179683                    /lib/x86_64-linux-gnu/libgcc_s.so.1
7f243f45f000-7f243f46c000 r--p 00000000 08:02 1179776                    /lib/x86_64-linux-gnu/libm-2.31.so
7f243f46c000-7f243f513000 r-xp 0000d000 08:02 1179776                    /lib/x86_64-linux-gnu/libm-2.31.so
7f243f513000-7f243f5ac000 r--p 000b4000 08:02 1179776                    /lib/x86_64-linux-gnu/libm-2.31.so
7f243f5ac000-7f243f5ad000 r--p 0014c000 08:02 1179776                    /lib/x86_64-linux-gnu/libm-2.31.so
7f243f5ad000-7f243f5ae000 rw-p 0014d000 08:02 1179776                    /lib/x86_64-linux-gnu/libm-2.31.so
7f243f5ae000-7f243f644000 r--p 00000000 08:02 1966267                    /usr/lib/x86_64-linux-gnu/libstdc++.so.6.0.28
7f243f644000-7f243f735000 r-xp 00096000 08:02 1966267                    /usr/lib/x86_64-linux-gnu/libstdc++.so.6.0.28
7f243f735000-7f243f77e000 r--p 00187000 08:02 1966267                    /usr/lib/x86_64-linux-gnu/libstdc++.so.6.0.28
7f243f77e000-7f243f77f000 ---p 001d0000 08:02 1966267                    /usr/lib/x86_64-linux-gnu/libstdc++.so.6.0.28
7f243f77f000-7f243f78a000 r--p 001d0000 08:02 1966267                    /usr/lib/x86_64-linux-gnu/libstdc++.so.6.0.28
7f243f78a000-7f243f78d000 rw-p 001db000 08:02 1966267                    /usr/lib/x86_64-linux-gnu/libstdc++.so.6.0.28
7f243f78d000-7f243f790000 rw-p 00000000 00:00 0 
7f243f790000-7f243f9e0000 r--p 00000000 08:02 3149631                    /usr/lib/jvm/java-17-openjdk-amd64/lib/server/libjvm.so
7f243f9e0000-7f244076d000 r-xp 00250000 08:02 3149631                    /usr/lib/jvm/java-17-openjdk-amd64/lib/server/libjvm.so
7f244076d000-7f24409f3000 r--p 00fdd000 08:02 3149631                    /usr/lib/jvm/java-17-openjdk-amd64/lib/server/libjvm.so
7f24409f3000-7f2440aab000 r--p 01262000 08:02 3149631                    /usr/lib/jvm/java-17-openjdk-amd64/lib/server/libjvm.so
7f2440aab000-7f2440ae0000 rw-p 0131a000 08:02 3149631                    /usr/lib/jvm/java-17-openjdk-amd64/lib/server/libjvm.so
7f2440ae0000-7f2440b3b000 rw-p 00000000 00:00 0 
7f2440b3b000-7f2440b41000 r--p 00000000 08:02 1181005                    /lib/x86_64-linux-gnu/libpthread-2.31.so
7f2440b41000-7f2440b52000 r-xp 00006000 08:02 1181005                    /lib/x86_64-linux-gnu/libpthread-2.31.so
7f2440b52000-7f2440b58000 r--p 00017000 08:02 1181005                    /lib/x86_64-linux-gnu/libpthread-2.31.so
7f2440b58000-7f2440b59000 r--p 0001c000 08:02 1181005                    /lib/x86_64-linux-gnu/libpthread-2.31.so
7f2440b59000-7f2440b5a000 rw-p 0001d000 08:02 1181005                    /lib/x86_64-linux-gnu/libpthread-2.31.so
7f2440b5a000-7f2440b5e000 rw-p 00000000 00:00 0 
7f2440b5e000-7f2440b5f000 r--p 00000000 08:02 1179773                    /lib/x86_64-linux-gnu/libdl-2.31.so
7f2440b5f000-7f2440b61000 r-xp 00001000 08:02 1179773                    /lib/x86_64-linux-gnu/libdl-2.31.so
7f2440b61000-7f2440b62000 r--p 00003000 08:02 1179773                    /lib/x86_64-linux-gnu/libdl-2.31.so
7f2440b62000-7f2440b63000 r--p 00003000 08:02 1179773                    /lib/x86_64-linux-gnu/libdl-2.31.so
7f2440b63000-7f2440b64000 rw-p 00004000 08:02 1179773                    /lib/x86_64-linux-gnu/libdl-2.31.so
7f2440b64000-7f2440b66000 r--p 00000000 08:02 1180009                    /lib/x86_64-linux-gnu/libz.so.1.2.11
7f2440b66000-7f2440b77000 r-xp 00002000 08:02 1180009                    /lib/x86_64-linux-gnu/libz.so.1.2.11
7f2440b77000-7f2440b7d000 r--p 00013000 08:02 1180009                    /lib/x86_64-linux-gnu/libz.so.1.2.11
7f2440b7d000-7f2440b7e000 ---p 00019000 08:02 1180009                    /lib/x86_64-linux-gnu/libz.so.1.2.11
7f2440b7e000-7f2440b7f000 r--p 00019000 08:02 1180009                    /lib/x86_64-linux-gnu/libz.so.1.2.11
7f2440b7f000-7f2440b80000 rw-p 0001a000 08:02 1180009                    /lib/x86_64-linux-gnu/libz.so.1.2.11
7f2440b80000-7f2440ba2000 r--p 00000000 08:02 1179772                    /lib/x86_64-linux-gnu/libc-2.31.so
7f2440ba2000-7f2440d1a000 r-xp 00022000 08:02 1179772                    /lib/x86_64-linux-gnu/libc-2.31.so
7f2440d1a000-7f2440d68000 r--p 0019a000 08:02 1179772                    /lib/x86_64-linux-gnu/libc-2.31.so
7f2440d68000-7f2440d6c000 r--p 001e7000 08:02 1179772                    /lib/x86_64-linux-gnu/libc-2.31.so
7f2440d6c000-7f2440d6e000 rw-p 001eb000 08:02 1179772                    /lib/x86_64-linux-gnu/libc-2.31.so
7f2440d6e000-7f2440d72000 rw-p 00000000 00:00 0 
7f2440d72000-7f2440d74000 r--p 00000000 08:02 1179935                    /lib/x86_64-linux-gnu/libnss_sss.so.2
7f2440d74000-7f2440d7a000 r-xp 00002000 08:02 1179935                    /lib/x86_64-linux-gnu/libnss_sss.so.2
7f2440d7a000-7f2440d7c000 r--p 00008000 08:02 1179935                    /lib/x86_64-linux-gnu/libnss_sss.so.2
7f2440d7c000-7f2440d7d000 r--p 00009000 08:02 1179935                    /lib/x86_64-linux-gnu/libnss_sss.so.2
7f2440d7d000-7f2440d7e000 rw-p 0000a000 08:02 1179935                    /lib/x86_64-linux-gnu/libnss_sss.so.2
7f2440d7e000-7f2440d80000 r--p 00000000 08:02 1180209                    /lib/x86_64-linux-gnu/libnss_compat-2.31.so
7f2440d80000-7f2440d87000 r-xp 00002000 08:02 1180209                    /lib/x86_64-linux-gnu/libnss_compat-2.31.so
7f2440d87000-7f2440d88000 r--p 00009000 08:02 1180209                    /lib/x86_64-linux-gnu/libnss_compat-2.31.so
7f2440d88000-7f2440d89000 r--p 00009000 08:02 1180209                    /lib/x86_64-linux-gnu/libnss_compat-2.31.so
7f2440d89000-7f2440d8a000 rw-p 0000a000 08:02 1180209                    /lib/x86_64-linux-gnu/libnss_compat-2.31.so
7f2440d8a000-7f2440d8b000 ---p 00000000 00:00 0 
7f2440d8b000-7f2440d8c000 r--p 00000000 00:00 0 
7f2440d8c000-7f2440d8e000 r--p 00000000 08:02 3149486                    /usr/lib/jvm/java-17-openjdk-amd64/lib/libjimage.so
7f2440d8e000-7f2440d91000 r-xp 00002000 08:02 3149486                    /usr/lib/jvm/java-17-openjdk-amd64/lib/libjimage.so
7f2440d91000-7f2440d92000 r--p 00005000 08:02 3149486                    /usr/lib/jvm/java-17-openjdk-amd64/lib/libjimage.so
7f2440d92000-7f2440d93000 ---p 00006000 08:02 3149486                    /usr/lib/jvm/java-17-openjdk-amd64/lib/libjimage.so
7f2440d93000-7f2440d94000 r--p 00006000 08:02 3149486                    /usr/lib/jvm/java-17-openjdk-amd64/lib/libjimage.so
7f2440d94000-7f2440d95000 rw-p 00007000 08:02 3149486                    /usr/lib/jvm/java-17-openjdk-amd64/lib/libjimage.so
7f2440d95000-7f2440d97000 r--p 00000000 08:02 3149487                    /usr/lib/jvm/java-17-openjdk-amd64/lib/libjli.so
7f2440d97000-7f2440da1000 r-xp 00002000 08:02 3149487                    /usr/lib/jvm/java-17-openjdk-amd64/lib/libjli.so
7f2440da1000-7f2440da4000 r--p 0000c000 08:02 3149487                    /usr/lib/jvm/java-17-openjdk-amd64/lib/libjli.so
7f2440da4000-7f2440da5000 ---p 0000f000 08:02 3149487                    /usr/lib/jvm/java-17-openjdk-amd64/lib/libjli.so
7f2440da5000-7f2440da6000 r--p 0000f000 08:02 3149487                    /usr/lib/jvm/java-17-openjdk-amd64/lib/libjli.so
7f2440da6000-7f2440da7000 rw-p 00010000 08:02 3149487                    /usr/lib/jvm/java-17-openjdk-amd64/lib/libjli.so
7f2440da7000-7f2440da9000 rw-p 00000000 00:00 0 
7f2440da9000-7f2440daa000 r--p 00000000 08:02 1179753                    /lib/x86_64-linux-gnu/ld-2.31.so
7f2440daa000-7f2440dcd000 r-xp 00001000 08:02 1179753                    /lib/x86_64-linux-gnu/ld-2.31.so
7f2440dcd000-7f2440dd5000 r--p 00024000 08:02 1179753                    /lib/x86_64-linux-gnu/ld-2.31.so
7f2440dd5000-7f2440dd6000 ---p 00000000 00:00 0 
7f2440dd6000-7f2440dd7000 r--p 0002c000 08:02 1179753                    /lib/x86_64-linux-gnu/ld-2.31.so
7f2440dd7000-7f2440dd8000 rw-p 0002d000 08:02 1179753                    /lib/x86_64-linux-gnu/ld-2.31.so
7f2440dd8000-7f2440dd9000 rw-p 00000000 00:00 0 
7ffdf4028000-7ffdf4049000 rw-p 00000000 00:00 0                          [stack]
7ffdf4166000-7ffdf4169000 r--p 00000000 00:00 0                          [vvar]
7ffdf4169000-7ffdf416a000 r-xp 00000000 00:00 0                          [vdso]
ffffffffff600000-ffffffffff601000 --xp 00000000 00:00 0                  [vsyscall]


VM Arguments:
jvm_args: --module-path=/home/cim/ug/zkac355/.m2/repository/org/openjfx/javafx-base/13/javafx-base-13-linux.jar:/home/cim/ug/zkac355/.m2/repository/org/openjfx/javafx-base/13/javafx-base-13.jar:/home/cim/ug/zkac355/.m2/repository/org/openjfx/javafx-controls/13/javafx-controls-13-linux.jar:/home/cim/ug/zkac355/.m2/repository/org/openjfx/javafx-controls/13/javafx-controls-13.jar:/home/cim/ug/zkac355/.m2/repository/org/openjfx/javafx-fxml/13/javafx-fxml-13-linux.jar:/home/cim/ug/zkac355/.m2/repository/org/openjfx/javafx-fxml/13/javafx-fxml-13.jar:/home/cim/ug/zkac355/.m2/repository/org/openjfx/javafx-graphics/13/javafx-graphics-13-linux.jar:/home/cim/ug/zkac355/.m2/repository/org/openjfx/javafx-graphics/13/javafx-graphics-13.jar --add-modules=javafx.base,javafx.controls,javafx.fxml,javafx.graphics 
java_command: restaurant.Driver
java_class_path (initial): /home/cim/ug/zkac355/Documents/Year2/2810/gitrepros/PROJECT/target/classes
Launcher Type: SUN_STANDARD

[Global flags]
     intx CICompilerCount                          = 12                                        {product} {ergonomic}
     uint ConcGCThreads                            = 5                                         {product} {ergonomic}
     uint G1ConcRefinementThreads                  = 18                                        {product} {ergonomic}
   size_t G1HeapRegionSize                         = 16777216                                  {product} {ergonomic}
    uintx GCDrainStackTargetSize                   = 64                                        {product} {ergonomic}
   size_t InitialHeapSize                          = 2147483648                                {product} {ergonomic}
   size_t MarkStackSize                            = 4194304                                   {product} {ergonomic}
   size_t MaxHeapSize                              = 32178700288                               {product} {ergonomic}
   size_t MinHeapDeltaBytes                        = 16777216                                  {product} {ergonomic}
   size_t MinHeapSize                              = 16777216                                  {product} {ergonomic}
    uintx NonNMethodCodeHeapSize                   = 7602480                                {pd product} {ergonomic}
    uintx NonProfiledCodeHeapSize                  = 122027880                              {pd product} {ergonomic}
    uintx ProfiledCodeHeapSize                     = 122027880                              {pd product} {ergonomic}
    uintx ReservedCodeCacheSize                    = 251658240                              {pd product} {ergonomic}
     bool SegmentedCodeCache                       = true                                      {product} {ergonomic}
   size_t SoftMaxHeapSize                          = 32178700288                            {manageable} {ergonomic}
     bool UseCompressedClassPointers               = true                           {product lp64_product} {ergonomic}
     bool UseCompressedOops                        = true                           {product lp64_product} {ergonomic}
     bool UseG1GC                                  = true                                      {product} {ergonomic}

Logging:
Log output configuration:
 #0: stdout all=warning uptime,level,tags
 #1: stderr all=off uptime,level,tags

Environment Variables:
CLASSPATH=.:/apps/jade/lib/jade.jar:/apps/share/java/rhulDrawing
PATH=/usr/local/sbin:/usr/local/bin:/usr/sbin:/usr/bin:/sbin:/bin:/home/cim/ug/zkac355/.dotnet/tools:/opt/puppetlabs/bin:/apps/x86_64Linux/blast/bin:/apps/x86_64Linux/hmmer:/apps/apache-jena/bin:/apps/pellet/bin:/opt/mpich/ch-p4/bin
USERNAME=zkac355
SHELL=/bin/bash
DISPLAY=:1019.0
LANG=en_GB.UTF-8

Signal Handlers:
   SIGSEGV: 0x00007f24406ebd60 in libjvm.so+16104800, mask=11100100010111111101111111111110, flags=SA_RESTART|SA_SIGINFO
    SIGBUS: 0x00007f24406ebd60 in libjvm.so+16104800, mask=11100100010111111101111111111110, flags=SA_RESTART|SA_SIGINFO
    SIGFPE: 0x00007f24406ebd60 in libjvm.so+16104800, mask=11100100010111111101111111111110, flags=SA_RESTART|SA_SIGINFO
   SIGPIPE: 0x00007f244058db30 in libjvm.so+14670640, mask=11100100010111111101111111111110, flags=SA_RESTART|SA_SIGINFO
   SIGXFSZ: 0x00007f244058db30 in libjvm.so+14670640, mask=11100100010111111101111111111110, flags=SA_RESTART|SA_SIGINFO
    SIGILL: 0x00007f24406ebd60 in libjvm.so+16104800, mask=11100100010111111101111111111110, flags=SA_RESTART|SA_SIGINFO
   SIGUSR2: 0x00007f244058d1a0 in libjvm.so+14668192, mask=00100000000000000000000000000000, flags=SA_RESTART|SA_SIGINFO
    SIGHUP: SIG_DFL, mask=00000000000000000000000000000000, flags=none
    SIGINT: SIG_DFL, mask=00000000000000000000000000000000, flags=none
   SIGTERM: SIG_DFL, mask=00000000000000000000000000000000, flags=none
   SIGQUIT: 0x00007f244058db30 in libjvm.so+14670640, mask=11100100010111111101111111111110, flags=SA_RESTART|SA_SIGINFO
   SIGTRAP: 0x00007f24406ebd60 in libjvm.so+16104800, mask=11100100010111111101111111111110, flags=SA_RESTART|SA_SIGINFO


---------------  S Y S T E M  ---------------

OS:
DISTRIB_ID=Ubuntu
DISTRIB_RELEASE=20.04
DISTRIB_CODENAME=focal
DISTRIB_DESCRIPTION="Ubuntu 20.04.5 LTS"
uname: Linux 5.4.0-137-generic #154-Ubuntu SMP Thu Jan 5 17:03:22 UTC 2023 x86_64
OS uptime: 2 days 12:37 hours
libc: glibc 2.31 NPTL 2.31 
rlimit (soft/hard): STACK 8192k/300000k , CORE 0k/infinity , NPROC 800/1000 , NOFILE 1048576/1048576 , AS 67108864k/268435456k , CPU infinity/infinity , DATA infinity/infinity , FSIZE infinity/infinity , MEMLOCK 65536k/65536k
load average: 1.67 1.73 1.42

/proc/meminfo:
MemTotal:       198078768 kB
MemFree:        133666020 kB
MemAvailable:   158720336 kB
Buffers:         1050120 kB
Cached:         24880544 kB
SwapCached:            0 kB
Active:         46981452 kB
Inactive:       11879776 kB
Active(anon):   33009660 kB
Inactive(anon):  1698676 kB
Active(file):   13971792 kB
Inactive(file): 10181100 kB
Unevictable:        2560 kB
Mlocked:            2560 kB
SwapTotal:      31249404 kB
SwapFree:       31249404 kB
Dirty:               260 kB
Writeback:             0 kB
AnonPages:      32933708 kB
Mapped:          3166012 kB
Shmem:           1811828 kB
KReclaimable:    2354268 kB
Slab:            4027144 kB
SReclaimable:    2354268 kB
SUnreclaim:      1672876 kB
KernelStack:      181648 kB
PageTables:       352336 kB
NFS_Unstable:          0 kB
Bounce:                0 kB
WritebackTmp:          0 kB
CommitLimit:    130288788 kB
Committed_AS:   103296744 kB
VmallocTotal:   34359738367 kB
VmallocUsed:      426836 kB
VmallocChunk:          0 kB
Percpu:           150272 kB
HardwareCorrupted:     0 kB
AnonHugePages:         0 kB
ShmemHugePages:        0 kB
ShmemPmdMapped:        0 kB
FileHugePages:         0 kB
FilePmdMapped:         0 kB
CmaTotal:              0 kB
CmaFree:               0 kB
HugePages_Total:       0
HugePages_Free:        0
HugePages_Rsvd:        0
HugePages_Surp:        0
Hugepagesize:       2048 kB
Hugetlb:               0 kB
DirectMap4k:     3221376 kB
DirectMap2M:    60741632 kB
DirectMap1G:    139460608 kB

/sys/kernel/mm/transparent_hugepage/enabled: always [madvise] never
/sys/kernel/mm/transparent_hugepage/defrag (defrag/compaction efforts parameter): always defer defer+madvise [madvise] never

Process Memory:
Virtual Size: 33091732K (peak: 33091732K)
Resident Set Size: 16428K (peak: 16428K) (anon: 2916K, file: 13480K, shmem: 32K)
Swapped out: 0K
C-Heap outstanding allocations: 20453K, retained: 134K
glibc malloc tunables: (default)

/proc/sys/kernel/threads-max (system-wide limit on the number of threads): 1546984
/proc/sys/vm/max_map_count (maximum number of memory map areas a process may have): 65530
/proc/sys/kernel/pid_max (system-wide limit on number of process identifiers): 4194304

container (cgroup) information:
container_type: cgroupv1
cpu_cpuset_cpus: 0-23
cpu_memory_nodes: 0-1
active_processor_count: 24
cpu_quota: no quota
cpu_period: 100000
cpu_shares: no shares
memory_limit_in_bytes: unlimited
memory_and_swap_limit_in_bytes: not supported
memory_soft_limit_in_bytes: unlimited
memory_usage_in_bytes: 2890728 k
memory_max_usage_in_bytes: 2890728 k
maximum number of tasks: unlimited
current number of tasks: 735

VMWare virtualization detected
Steal ticks since vm start: 0
Steal ticks percentage since vm start:  0.000

CPU: total 24 (initial active 24) (1 cores per cpu, 1 threads per core) family 6 model 79 stepping 1 microcode 0xb00003a, cx8, cmov, fxsr, mmx, 3dnowpref, sse, sse2, sse3, ssse3, sse4.1, sse4.2, popcnt, lzcnt, tsc, tscinvbit, avx, avx2, aes, erms, clmul, bmi1, bmi2, adx, fma, vzeroupper, clflush, hv
CPU Model and flags from /proc/cpuinfo:
model name	: Intel(R) Xeon(R) CPU E5-2683 v4 @ 2.10GHz
flags		: fpu vme de pse tsc msr pae mce cx8 apic sep mtrr pge mca cmov pat pse36 clflush dts mmx fxsr sse sse2 ss syscall nx pdpe1gb rdtscp lm constant_tsc arch_perfmon pebs bts nopl xtopology tsc_reliable nonstop_tsc cpuid pni pclmulqdq ssse3 fma cx16 pcid sse4_1 sse4_2 x2apic movbe popcnt tsc_deadline_timer aes xsave avx f16c rdrand hypervisor lahf_lm abm 3dnowprefetch cpuid_fault invpcid_single pti ssbd ibrs ibpb stibp fsgsbase tsc_adjust bmi1 avx2 smep bmi2 invpcid rdseed adx smap xsaveopt arat md_clear flush_l1d arch_capabilities

Online cpus: 0-23
Offline cpus: 
BIOS frequency limitation: <Not Available>
Frequency switch latency (ns): <Not Available>
Available cpu frequencies: <Not Available>
Current governor: <Not Available>
Core performance/turbo boost: <Not Available>

Memory: 4k page, physical 198078768k(133666020k free), swap 31249404k(31249404k free)
Page Sizes: 4k

vm_info: OpenJDK 64-Bit Server VM (17.0.5+8-Ubuntu-2ubuntu120.04) for linux-amd64 JRE (17.0.5+8-Ubuntu-2ubuntu120.04), built on Oct 25 2022 13:05:40 by "buildd" with gcc 9.4.0

END.
